<?xml version="1.0" encoding="UTF-8"?>
<testsuites name="Login Test Suite" time="411" tests="6" failures="0" errors="0">
   <testsuite name="Login Test Suite" tests="6" failures="0" errors="0" time="411" timestamp="2018-10-25 00:38:31" hostname="Ronnachai C - DESKTOP-0PTJ8Q3" id="Test Suites/Login/Login Test Suite">
      <properties>
[...]
</properties>
      <testcase name="Test Cases/Tests/Log In/TC-SIN-001 Check for empty username and password" classname="Test Cases/Tests/Log In/TC-SIN-001 Check for empty username and password" status="PASSED">
         <system-out><![CDATA[2018-10-25 00:38:33 - [TEST_CASE][PASSED] - Test Cases/Tests/Log In/TC-SIN-001 Check for empty username and password: Test Cases/Tests/Log In/TC-SIN-001 Check for empty username and password

2018-10-25 00:38:33 - [TEST_STEP][PASSED] - Start listener action : beforeTestcase: Navigate to 'https://stackexchange.com/' successfully

2018-10-25 00:38:34 - [TEST_STEP][PASSED] - openBrowser: Browser is opened with url: ''

2018-10-25 00:38:44 - [MESSAGE][PASSED] - Browser is opened with url: ''

2018-10-25 00:38:44 - [TEST_STEP][PASSED] - maximizeWindow: Current window maximized

2018-10-25 00:38:47 - [MESSAGE][PASSED] - Current window maximized

2018-10-25 00:38:47 - [TEST_STEP][PASSED] - navigateToUrl: Navigate to 'https://stackexchange.com/' successfully

2018-10-25 00:38:51 - [MESSAGE][PASSED] - Navigate to 'https://stackexchange.com/' successfully

2018-10-25 00:38:51 - [TEST_STEP][PASSED] - callTestCase: Call Test Case 'Test Cases/Pages/01_Stack Exchage Homepage/The Homepage is loaded successfully' successfully

2018-10-25 00:38:51 - [TEST_CASE][PASSED] - Test Cases/Pages/01_Stack Exchage Homepage/The Homepage is loaded successfully: Test Cases/Pages/01_Stack Exchage Homepage/The Homepage is loaded successfully

2018-10-25 00:38:52 - [TEST_STEP][PASSED] - waitForElementVisible: Object 'Object Repository/Test Objects/Pages/Page_StackExchangeHome/header_top-bar js-top-bar' is visible

2018-10-25 00:38:52 - [MESSAGE][PASSED] - Object 'Object Repository/Test Objects/Pages/Page_StackExchangeHome/header_top-bar js-top-bar' is visible

2018-10-25 00:38:52 - [TEST_STEP][PASSED] - waitForElementVisible: Object 'Object Repository/Test Objects/Pages/Page_StackExchangeHome/header_siteHeader' is visible

2018-10-25 00:38:52 - [MESSAGE][PASSED] - Object 'Object Repository/Test Objects/Pages/Page_StackExchangeHome/header_siteHeader' is visible

2018-10-25 00:38:52 - [TEST_STEP][PASSED] - verifyElementPresent: Object 'Object Repository/Test Objects/Pages/Page_StackExchangeHome/a_-logo js-gps-track' is present

2018-10-25 00:38:52 - [MESSAGE][PASSED] - Object 'Object Repository/Test Objects/Pages/Page_StackExchangeHome/a_-logo js-gps-track' is present

2018-10-25 00:38:52 - [TEST_STEP][PASSED] - verifyTextPresent: Text 'Tour' is present on page 

2018-10-25 00:38:56 - [MESSAGE][PASSED] - Text 'Tour' is present on page 

2018-10-25 00:38:56 - [TEST_STEP][PASSED] - verifyTextPresent: Text 'About Us' is present on page 

2018-10-25 00:38:59 - [MESSAGE][PASSED] - Text 'About Us' is present on page 

2018-10-25 00:38:59 - [TEST_STEP][PASSED] - verifyTextPresent: Text 'Meta' is present on page 

2018-10-25 00:39:02 - [MESSAGE][PASSED] - Text 'Meta' is present on page 

2018-10-25 00:39:02 - [TEST_STEP][PASSED] - verifyElementPresent: Object 'Object Repository/Test Objects/Pages/Page_StackExchangeHome/input_q' is present

2018-10-25 00:39:02 - [MESSAGE][PASSED] - Object 'Object Repository/Test Objects/Pages/Page_StackExchangeHome/input_q' is present

2018-10-25 00:39:02 - [TEST_STEP][PASSED] - verifyTextPresent: Text 'Log In' is present on page 

2018-10-25 00:39:05 - [MESSAGE][PASSED] - Text 'Log In' is present on page 

2018-10-25 00:39:05 - [TEST_STEP][PASSED] - verifyTextPresent: Text 'Sign Up' is present on page 

2018-10-25 00:39:08 - [MESSAGE][PASSED] - Text 'Sign Up' is present on page 

2018-10-25 00:39:08 - [TEST_STEP][PASSED] - verifyElementPresent: Object 'Object Repository/Test Objects/Pages/Page_StackExchangeHome/sectioncontent' is present

2018-10-25 00:39:08 - [MESSAGE][PASSED] - Object 'Object Repository/Test Objects/Pages/Page_StackExchangeHome/sectioncontent' is present

2018-10-25 00:39:08 - [TEST_STEP][PASSED] - verifyTextPresent: Text 'Stack Exchange' is present on page 

2018-10-25 00:39:12 - [MESSAGE][PASSED] - Text 'Stack Exchange' is present on page 

2018-10-25 00:39:12 - [TEST_STEP][PASSED] - takeScreenshot: Taking screenshot successfully

2018-10-25 00:39:12 - [MESSAGE][PASSED] - Taking screenshot successfully
[[ATTACHMENT|C:\\Users\\Ronnachai C\\Katalon Studio\\StackexchangeDemo\\Reports\\Login\\Login Test Suite\\20181025_003825\\1540402752554.png]]

2018-10-25 00:39:12 - [MESSAGE][PASSED] - Call Test Case 'Test Cases/Pages/01_Stack Exchage Homepage/The Homepage is loaded successfully' successfully

2018-10-25 00:39:12 - [TEST_STEP][PASSED] - callTestCase: Call Test Case 'Test Cases/Pages/01_Stack Exchage Homepage/To click the login link' successfully

2018-10-25 00:39:12 - [TEST_CASE][PASSED] - Test Cases/Pages/01_Stack Exchage Homepage/To click the login link: Test Cases/Pages/01_Stack Exchage Homepage/To click the login link

2018-10-25 00:39:13 - [TEST_STEP][PASSED] - waitForElementVisible: Object 'Object Repository/Test Objects/Pages/Page_StackExchangeHome/header_siteHeader' is visible

2018-10-25 00:39:14 - [MESSAGE][PASSED] - Object 'Object Repository/Test Objects/Pages/Page_StackExchangeHome/header_siteHeader' is visible

2018-10-25 00:39:14 - [TEST_STEP][PASSED] - click: Object: 'Object Repository/Test Objects/Pages/Page_StackExchangeHome/a_Log In' is clicked on

2018-10-25 00:39:15 - [MESSAGE][PASSED] - Object: 'Object Repository/Test Objects/Pages/Page_StackExchangeHome/a_Log In' is clicked on

2018-10-25 00:39:15 - [MESSAGE][PASSED] - Call Test Case 'Test Cases/Pages/01_Stack Exchage Homepage/To click the login link' successfully

2018-10-25 00:39:15 - [TEST_STEP][PASSED] - callTestCase: Call Test Case 'Test Cases/Pages/02_Log In Page/The Log In Page is loaded successfully' successfully

2018-10-25 00:39:15 - [TEST_CASE][PASSED] - Test Cases/Pages/02_Log In Page/The Log In Page is loaded successfully: Test Cases/Pages/02_Log In Page/The Log In Page is loaded successfully

2018-10-25 00:39:16 - [TEST_STEP][PASSED] - waitForElementVisible: Object 'Object Repository/Test Objects/Pages/Page_Log In/header_siteHeader' is visible

2018-10-25 00:39:16 - [MESSAGE][PASSED] - Object 'Object Repository/Test Objects/Pages/Page_Log In/header_siteHeader' is visible

2018-10-25 00:39:16 - [TEST_STEP][PASSED] - verifyTextPresent: Text 'Do you already have an account on one of these sites? Click the logo to' is present on page 

2018-10-25 00:39:17 - [MESSAGE][PASSED] - Text 'Do you already have an account on one of these sites? Click the logo to' is present on page 

2018-10-25 00:39:17 - [TEST_STEP][PASSED] - verifyElementPresent: Object 'Object Repository/Test Objects/Pages/Page_Log In/a_stack_exchange openid_large_' is present

2018-10-25 00:39:17 - [MESSAGE][PASSED] - Object 'Object Repository/Test Objects/Pages/Page_Log In/a_stack_exchange openid_large_' is present

2018-10-25 00:39:17 - [TEST_STEP][PASSED] - verifyElementPresent: Object 'Object Repository/Test Objects/Pages/Page_Log In/a_google openid_large_btn' is present

2018-10-25 00:39:17 - [MESSAGE][PASSED] - Object 'Object Repository/Test Objects/Pages/Page_Log In/a_google openid_large_btn' is present

2018-10-25 00:39:17 - [TEST_STEP][PASSED] - verifyElementPresent: Object 'Object Repository/Test Objects/Pages/Page_Log In/a_facebook openid_large_btn' is present

2018-10-25 00:39:17 - [MESSAGE][PASSED] - Object 'Object Repository/Test Objects/Pages/Page_Log In/a_facebook openid_large_btn' is present

2018-10-25 00:39:17 - [TEST_STEP][PASSED] - verifyElementPresent: Object 'Object Repository/Test Objects/Pages/Page_Log In/a_yahoo openid_large_btn' is present

2018-10-25 00:39:17 - [MESSAGE][PASSED] - Object 'Object Repository/Test Objects/Pages/Page_Log In/a_yahoo openid_large_btn' is present

2018-10-25 00:39:17 - [TEST_STEP][PASSED] - verifyTextPresent: Text 'click here to sign up' is present on page 

2018-10-25 00:39:18 - [MESSAGE][PASSED] - Text 'click here to sign up' is present on page 

2018-10-25 00:39:18 - [TEST_STEP][PASSED] - takeScreenshot: Taking screenshot successfully

2018-10-25 00:39:18 - [MESSAGE][PASSED] - Taking screenshot successfully
[[ATTACHMENT|C:\\Users\\Ronnachai C\\Katalon Studio\\StackexchangeDemo\\Reports\\Login\\Login Test Suite\\20181025_003825\\1540402758034.png]]

2018-10-25 00:39:18 - [MESSAGE][PASSED] - Call Test Case 'Test Cases/Pages/02_Log In Page/The Log In Page is loaded successfully' successfully

2018-10-25 00:39:18 - [TEST_STEP][PASSED] - callTestCase: Call Test Case 'Test Cases/Pages/02_Log In Page/To click the log in with stackexchange' successfully

2018-10-25 00:39:18 - [TEST_CASE][PASSED] - Test Cases/Pages/02_Log In Page/To click the log in with stackexchange: Test Cases/Pages/02_Log In Page/To click the log in with stackexchange

2018-10-25 00:39:18 - [TEST_STEP][PASSED] - waitForElementVisible: Object 'Object Repository/Test Objects/Pages/Page_Log In/header_siteHeader' is visible

2018-10-25 00:39:18 - [MESSAGE][PASSED] - Object 'Object Repository/Test Objects/Pages/Page_Log In/header_siteHeader' is visible

2018-10-25 00:39:18 - [TEST_STEP][PASSED] - click: Object: 'Object Repository/Test Objects/Pages/Page_Log In/a_stack_exchange openid_large_' is clicked on

2018-10-25 00:39:18 - [MESSAGE][PASSED] - Object: 'Object Repository/Test Objects/Pages/Page_Log In/a_stack_exchange openid_large_' is clicked on

2018-10-25 00:39:18 - [TEST_STEP][PASSED] - delay: Delayed 5 second(s)

2018-10-25 00:39:23 - [MESSAGE][PASSED] - Delayed 5 second(s)

2018-10-25 00:39:23 - [MESSAGE][PASSED] - Call Test Case 'Test Cases/Pages/02_Log In Page/To click the log in with stackexchange' successfully

2018-10-25 00:39:23 - [TEST_STEP][PASSED] - switchToFrame: Switched to iframe: 'Object Repository/Test Objects/Pages/Page_Log In/iFrame/Page_Log In/iframeaffiliate-signin-iframe'

2018-10-25 00:39:23 - [TEST_STEP][PASSED] - click: Object: 'Object Repository/Test Objects/Pages/Page_Log In/iFrame/Page_Log In/input_affiliate-button' is clicked on

2018-10-25 00:39:24 - [MESSAGE][PASSED] - Object: 'Object Repository/Test Objects/Pages/Page_Log In/iFrame/Page_Log In/input_affiliate-button' is clicked on

2018-10-25 00:39:24 - [TEST_STEP][PASSED] - verifyElementPresent: Object 'Object Repository/Test Objects/Pages/Page_Log In/iFrame/Page_Log In/p_Invalid email address' is present

2018-10-25 00:39:24 - [MESSAGE][PASSED] - Object 'Object Repository/Test Objects/Pages/Page_Log In/iFrame/Page_Log In/p_Invalid email address' is present

2018-10-25 00:39:24 - [TEST_STEP][PASSED] - takeScreenshot: Taking screenshot successfully

2018-10-25 00:39:24 - [MESSAGE][PASSED] - Taking screenshot successfully
[[ATTACHMENT|C:\\Users\\Ronnachai C\\Katalon Studio\\StackexchangeDemo\\Reports\\Login\\Login Test Suite\\20181025_003825\\1540402764759.png]]

2018-10-25 00:39:24 - [TEST_STEP][PASSED] - Start listener action : afterTestcase: Browser is closed

2018-10-25 00:39:24 - [TEST_STEP][PASSED] - closeBrowser: Browser is closed

2018-10-25 00:39:34 - [MESSAGE][PASSED] - Browser is closed]]></system-out>
         <system-err><![CDATA[]]></system-err>
      </testcase>
      <testcase name="Test Cases/Tests/Log In/TC-SIN-002 Check for empty username" classname="Test Cases/Tests/Log In/TC-SIN-002 Check for empty username" status="PASSED">
         <system-out><![CDATA[2018-10-25 00:39:36 - [TEST_CASE][PASSED] - Test Cases/Tests/Log In/TC-SIN-002 Check for empty username: Test Cases/Tests/Log In/TC-SIN-002 Check for empty username

2018-10-25 00:39:36 - [TEST_STEP][PASSED] - Start listener action : beforeTestcase: Navigate to 'https://stackexchange.com/' successfully

2018-10-25 00:39:36 - [TEST_STEP][PASSED] - openBrowser: Browser is opened with url: ''

2018-10-25 00:39:42 - [MESSAGE][PASSED] - Browser is opened with url: ''

2018-10-25 00:39:42 - [TEST_STEP][PASSED] - maximizeWindow: Current window maximized

2018-10-25 00:39:46 - [MESSAGE][PASSED] - Current window maximized

2018-10-25 00:39:46 - [TEST_STEP][PASSED] - navigateToUrl: Navigate to 'https://stackexchange.com/' successfully

2018-10-25 00:39:50 - [MESSAGE][PASSED] - Navigate to 'https://stackexchange.com/' successfully

2018-10-25 00:39:51 - [TEST_STEP][PASSED] - callTestCase: Call Test Case 'Test Cases/Pages/01_Stack Exchage Homepage/The Homepage is loaded successfully' successfully

2018-10-25 00:39:51 - [TEST_CASE][PASSED] - Test Cases/Pages/01_Stack Exchage Homepage/The Homepage is loaded successfully: Test Cases/Pages/01_Stack Exchage Homepage/The Homepage is loaded successfully

2018-10-25 00:39:51 - [TEST_STEP][PASSED] - waitForElementVisible: Object 'Object Repository/Test Objects/Pages/Page_StackExchangeHome/header_top-bar js-top-bar' is visible

2018-10-25 00:39:51 - [MESSAGE][PASSED] - Object 'Object Repository/Test Objects/Pages/Page_StackExchangeHome/header_top-bar js-top-bar' is visible

2018-10-25 00:39:51 - [TEST_STEP][PASSED] - waitForElementVisible: Object 'Object Repository/Test Objects/Pages/Page_StackExchangeHome/header_siteHeader' is visible

2018-10-25 00:39:51 - [MESSAGE][PASSED] - Object 'Object Repository/Test Objects/Pages/Page_StackExchangeHome/header_siteHeader' is visible

2018-10-25 00:39:51 - [TEST_STEP][PASSED] - verifyElementPresent: Object 'Object Repository/Test Objects/Pages/Page_StackExchangeHome/a_-logo js-gps-track' is present

2018-10-25 00:39:51 - [MESSAGE][PASSED] - Object 'Object Repository/Test Objects/Pages/Page_StackExchangeHome/a_-logo js-gps-track' is present

2018-10-25 00:39:51 - [TEST_STEP][PASSED] - verifyTextPresent: Text 'Tour' is present on page 

2018-10-25 00:39:55 - [MESSAGE][PASSED] - Text 'Tour' is present on page 

2018-10-25 00:39:55 - [TEST_STEP][PASSED] - verifyTextPresent: Text 'About Us' is present on page 

2018-10-25 00:39:59 - [MESSAGE][PASSED] - Text 'About Us' is present on page 

2018-10-25 00:39:59 - [TEST_STEP][PASSED] - verifyTextPresent: Text 'Meta' is present on page 

2018-10-25 00:40:02 - [MESSAGE][PASSED] - Text 'Meta' is present on page 

2018-10-25 00:40:02 - [TEST_STEP][PASSED] - verifyElementPresent: Object 'Object Repository/Test Objects/Pages/Page_StackExchangeHome/input_q' is present

2018-10-25 00:40:02 - [MESSAGE][PASSED] - Object 'Object Repository/Test Objects/Pages/Page_StackExchangeHome/input_q' is present

2018-10-25 00:40:02 - [TEST_STEP][PASSED] - verifyTextPresent: Text 'Log In' is present on page 

2018-10-25 00:40:06 - [MESSAGE][PASSED] - Text 'Log In' is present on page 

2018-10-25 00:40:06 - [TEST_STEP][PASSED] - verifyTextPresent: Text 'Sign Up' is present on page 

2018-10-25 00:40:11 - [MESSAGE][PASSED] - Text 'Sign Up' is present on page 

2018-10-25 00:40:11 - [TEST_STEP][PASSED] - verifyElementPresent: Object 'Object Repository/Test Objects/Pages/Page_StackExchangeHome/sectioncontent' is present

2018-10-25 00:40:11 - [MESSAGE][PASSED] - Object 'Object Repository/Test Objects/Pages/Page_StackExchangeHome/sectioncontent' is present

2018-10-25 00:40:11 - [TEST_STEP][PASSED] - verifyTextPresent: Text 'Stack Exchange' is present on page 

2018-10-25 00:40:14 - [MESSAGE][PASSED] - Text 'Stack Exchange' is present on page 

2018-10-25 00:40:14 - [TEST_STEP][PASSED] - takeScreenshot: Taking screenshot successfully

2018-10-25 00:40:14 - [MESSAGE][PASSED] - Taking screenshot successfully
[[ATTACHMENT|C:\\Users\\Ronnachai C\\Katalon Studio\\StackexchangeDemo\\Reports\\Login\\Login Test Suite\\20181025_003825\\1540402814651.png]]

2018-10-25 00:40:14 - [MESSAGE][PASSED] - Call Test Case 'Test Cases/Pages/01_Stack Exchage Homepage/The Homepage is loaded successfully' successfully

2018-10-25 00:40:14 - [TEST_STEP][PASSED] - callTestCase: Call Test Case 'Test Cases/Pages/01_Stack Exchage Homepage/To click the login link' successfully

2018-10-25 00:40:14 - [TEST_CASE][PASSED] - Test Cases/Pages/01_Stack Exchage Homepage/To click the login link: Test Cases/Pages/01_Stack Exchage Homepage/To click the login link

2018-10-25 00:40:14 - [TEST_STEP][PASSED] - waitForElementVisible: Object 'Object Repository/Test Objects/Pages/Page_StackExchangeHome/header_siteHeader' is visible

2018-10-25 00:40:15 - [MESSAGE][PASSED] - Object 'Object Repository/Test Objects/Pages/Page_StackExchangeHome/header_siteHeader' is visible

2018-10-25 00:40:15 - [TEST_STEP][PASSED] - click: Object: 'Object Repository/Test Objects/Pages/Page_StackExchangeHome/a_Log In' is clicked on

2018-10-25 00:40:16 - [MESSAGE][PASSED] - Object: 'Object Repository/Test Objects/Pages/Page_StackExchangeHome/a_Log In' is clicked on

2018-10-25 00:40:16 - [MESSAGE][PASSED] - Call Test Case 'Test Cases/Pages/01_Stack Exchage Homepage/To click the login link' successfully

2018-10-25 00:40:16 - [TEST_STEP][PASSED] - callTestCase: Call Test Case 'Test Cases/Pages/02_Log In Page/The Log In Page is loaded successfully' successfully

2018-10-25 00:40:16 - [TEST_CASE][PASSED] - Test Cases/Pages/02_Log In Page/The Log In Page is loaded successfully: Test Cases/Pages/02_Log In Page/The Log In Page is loaded successfully

2018-10-25 00:40:16 - [TEST_STEP][PASSED] - waitForElementVisible: Object 'Object Repository/Test Objects/Pages/Page_Log In/header_siteHeader' is visible

2018-10-25 00:40:16 - [MESSAGE][PASSED] - Object 'Object Repository/Test Objects/Pages/Page_Log In/header_siteHeader' is visible

2018-10-25 00:40:16 - [TEST_STEP][PASSED] - verifyTextPresent: Text 'Do you already have an account on one of these sites? Click the logo to' is present on page 

2018-10-25 00:40:17 - [MESSAGE][PASSED] - Text 'Do you already have an account on one of these sites? Click the logo to' is present on page 

2018-10-25 00:40:17 - [TEST_STEP][PASSED] - verifyElementPresent: Object 'Object Repository/Test Objects/Pages/Page_Log In/a_stack_exchange openid_large_' is present

2018-10-25 00:40:17 - [MESSAGE][PASSED] - Object 'Object Repository/Test Objects/Pages/Page_Log In/a_stack_exchange openid_large_' is present

2018-10-25 00:40:17 - [TEST_STEP][PASSED] - verifyElementPresent: Object 'Object Repository/Test Objects/Pages/Page_Log In/a_google openid_large_btn' is present

2018-10-25 00:40:17 - [MESSAGE][PASSED] - Object 'Object Repository/Test Objects/Pages/Page_Log In/a_google openid_large_btn' is present

2018-10-25 00:40:17 - [TEST_STEP][PASSED] - verifyElementPresent: Object 'Object Repository/Test Objects/Pages/Page_Log In/a_facebook openid_large_btn' is present

2018-10-25 00:40:17 - [MESSAGE][PASSED] - Object 'Object Repository/Test Objects/Pages/Page_Log In/a_facebook openid_large_btn' is present

2018-10-25 00:40:17 - [TEST_STEP][PASSED] - verifyElementPresent: Object 'Object Repository/Test Objects/Pages/Page_Log In/a_yahoo openid_large_btn' is present

2018-10-25 00:40:17 - [MESSAGE][PASSED] - Object 'Object Repository/Test Objects/Pages/Page_Log In/a_yahoo openid_large_btn' is present

2018-10-25 00:40:17 - [TEST_STEP][PASSED] - verifyTextPresent: Text 'click here to sign up' is present on page 

2018-10-25 00:40:18 - [MESSAGE][PASSED] - Text 'click here to sign up' is present on page 

2018-10-25 00:40:18 - [TEST_STEP][PASSED] - takeScreenshot: Taking screenshot successfully

2018-10-25 00:40:18 - [MESSAGE][PASSED] - Taking screenshot successfully
[[ATTACHMENT|C:\\Users\\Ronnachai C\\Katalon Studio\\StackexchangeDemo\\Reports\\Login\\Login Test Suite\\20181025_003825\\1540402818466.png]]

2018-10-25 00:40:18 - [MESSAGE][PASSED] - Call Test Case 'Test Cases/Pages/02_Log In Page/The Log In Page is loaded successfully' successfully

2018-10-25 00:40:18 - [TEST_STEP][PASSED] - callTestCase: Call Test Case 'Test Cases/Pages/02_Log In Page/To click the log in with stackexchange' successfully

2018-10-25 00:40:18 - [TEST_CASE][PASSED] - Test Cases/Pages/02_Log In Page/To click the log in with stackexchange: Test Cases/Pages/02_Log In Page/To click the log in with stackexchange

2018-10-25 00:40:18 - [TEST_STEP][PASSED] - waitForElementVisible: Object 'Object Repository/Test Objects/Pages/Page_Log In/header_siteHeader' is visible

2018-10-25 00:40:18 - [MESSAGE][PASSED] - Object 'Object Repository/Test Objects/Pages/Page_Log In/header_siteHeader' is visible

2018-10-25 00:40:18 - [TEST_STEP][PASSED] - click: Object: 'Object Repository/Test Objects/Pages/Page_Log In/a_stack_exchange openid_large_' is clicked on

2018-10-25 00:40:18 - [MESSAGE][PASSED] - Object: 'Object Repository/Test Objects/Pages/Page_Log In/a_stack_exchange openid_large_' is clicked on

2018-10-25 00:40:18 - [TEST_STEP][PASSED] - delay: Delayed 5 second(s)

2018-10-25 00:40:23 - [MESSAGE][PASSED] - Delayed 5 second(s)

2018-10-25 00:40:23 - [MESSAGE][PASSED] - Call Test Case 'Test Cases/Pages/02_Log In Page/To click the log in with stackexchange' successfully

2018-10-25 00:40:23 - [TEST_STEP][PASSED] - switchToFrame: Switched to iframe: 'Object Repository/Test Objects/Pages/Page_Log In/iFrame/Page_Log In/iframeaffiliate-signin-iframe'

2018-10-25 00:40:23 - [TEST_STEP][PASSED] - setEncryptedText: Text ****** has been set on object 'Object Repository/Test Objects/Pages/Page_Log In/iFrame/Page_Log In/input_password'

2018-10-25 00:40:24 - [MESSAGE][PASSED] - Text ****** has been set on object 'Object Repository/Test Objects/Pages/Page_Log In/iFrame/Page_Log In/input_password'

2018-10-25 00:40:24 - [TEST_STEP][PASSED] - click: Object: 'Object Repository/Test Objects/Pages/Page_Log In/iFrame/Page_Log In/input_affiliate-button' is clicked on

2018-10-25 00:40:25 - [MESSAGE][PASSED] - Object: 'Object Repository/Test Objects/Pages/Page_Log In/iFrame/Page_Log In/input_affiliate-button' is clicked on

2018-10-25 00:40:25 - [TEST_STEP][PASSED] - verifyElementPresent: Object 'Object Repository/Test Objects/Pages/Page_Log In/iFrame/Page_Log In/p_Invalid email address' is present

2018-10-25 00:40:25 - [MESSAGE][PASSED] - Object 'Object Repository/Test Objects/Pages/Page_Log In/iFrame/Page_Log In/p_Invalid email address' is present

2018-10-25 00:40:25 - [TEST_STEP][PASSED] - takeScreenshot: Taking screenshot successfully

2018-10-25 00:40:25 - [MESSAGE][PASSED] - Taking screenshot successfully
[[ATTACHMENT|C:\\Users\\Ronnachai C\\Katalon Studio\\StackexchangeDemo\\Reports\\Login\\Login Test Suite\\20181025_003825\\1540402825250.png]]

2018-10-25 00:40:25 - [TEST_STEP][PASSED] - Start listener action : afterTestcase: Browser is closed

2018-10-25 00:40:25 - [TEST_STEP][PASSED] - closeBrowser: Browser is closed

2018-10-25 00:40:34 - [MESSAGE][PASSED] - Browser is closed]]></system-out>
         <system-err><![CDATA[]]></system-err>
      </testcase>
      <testcase name="Test Cases/Tests/Log In/TC-SIN-003 Check for empty password" classname="Test Cases/Tests/Log In/TC-SIN-003 Check for empty password" status="PASSED">
         <system-out><![CDATA[2018-10-25 00:40:36 - [TEST_CASE][PASSED] - Test Cases/Tests/Log In/TC-SIN-003 Check for empty password: Test Cases/Tests/Log In/TC-SIN-003 Check for empty password

2018-10-25 00:40:36 - [TEST_STEP][PASSED] - Start listener action : beforeTestcase: Navigate to 'https://stackexchange.com/' successfully

2018-10-25 00:40:36 - [TEST_STEP][PASSED] - openBrowser: Browser is opened with url: ''

2018-10-25 00:40:43 - [MESSAGE][PASSED] - Browser is opened with url: ''

2018-10-25 00:40:43 - [TEST_STEP][PASSED] - maximizeWindow: Current window maximized

2018-10-25 00:40:46 - [MESSAGE][PASSED] - Current window maximized

2018-10-25 00:40:46 - [TEST_STEP][PASSED] - navigateToUrl: Navigate to 'https://stackexchange.com/' successfully

2018-10-25 00:40:49 - [MESSAGE][PASSED] - Navigate to 'https://stackexchange.com/' successfully

2018-10-25 00:40:50 - [TEST_STEP][PASSED] - callTestCase: Call Test Case 'Test Cases/Pages/01_Stack Exchage Homepage/The Homepage is loaded successfully' successfully

2018-10-25 00:40:50 - [TEST_CASE][PASSED] - Test Cases/Pages/01_Stack Exchage Homepage/The Homepage is loaded successfully: Test Cases/Pages/01_Stack Exchage Homepage/The Homepage is loaded successfully

2018-10-25 00:40:50 - [TEST_STEP][PASSED] - waitForElementVisible: Object 'Object Repository/Test Objects/Pages/Page_StackExchangeHome/header_top-bar js-top-bar' is visible

2018-10-25 00:40:50 - [MESSAGE][PASSED] - Object 'Object Repository/Test Objects/Pages/Page_StackExchangeHome/header_top-bar js-top-bar' is visible

2018-10-25 00:40:50 - [TEST_STEP][PASSED] - waitForElementVisible: Object 'Object Repository/Test Objects/Pages/Page_StackExchangeHome/header_siteHeader' is visible

2018-10-25 00:40:50 - [MESSAGE][PASSED] - Object 'Object Repository/Test Objects/Pages/Page_StackExchangeHome/header_siteHeader' is visible

2018-10-25 00:40:50 - [TEST_STEP][PASSED] - verifyElementPresent: Object 'Object Repository/Test Objects/Pages/Page_StackExchangeHome/a_-logo js-gps-track' is present

2018-10-25 00:40:50 - [MESSAGE][PASSED] - Object 'Object Repository/Test Objects/Pages/Page_StackExchangeHome/a_-logo js-gps-track' is present

2018-10-25 00:40:50 - [TEST_STEP][PASSED] - verifyTextPresent: Text 'Tour' is present on page 

2018-10-25 00:40:54 - [MESSAGE][PASSED] - Text 'Tour' is present on page 

2018-10-25 00:40:54 - [TEST_STEP][PASSED] - verifyTextPresent: Text 'About Us' is present on page 

2018-10-25 00:40:57 - [MESSAGE][PASSED] - Text 'About Us' is present on page 

2018-10-25 00:40:57 - [TEST_STEP][PASSED] - verifyTextPresent: Text 'Meta' is present on page 

2018-10-25 00:41:02 - [MESSAGE][PASSED] - Text 'Meta' is present on page 

2018-10-25 00:41:02 - [TEST_STEP][PASSED] - verifyElementPresent: Object 'Object Repository/Test Objects/Pages/Page_StackExchangeHome/input_q' is present

2018-10-25 00:41:02 - [MESSAGE][PASSED] - Object 'Object Repository/Test Objects/Pages/Page_StackExchangeHome/input_q' is present

2018-10-25 00:41:02 - [TEST_STEP][PASSED] - verifyTextPresent: Text 'Log In' is present on page 

2018-10-25 00:41:06 - [MESSAGE][PASSED] - Text 'Log In' is present on page 

2018-10-25 00:41:06 - [TEST_STEP][PASSED] - verifyTextPresent: Text 'Sign Up' is present on page 

2018-10-25 00:41:09 - [MESSAGE][PASSED] - Text 'Sign Up' is present on page 

2018-10-25 00:41:09 - [TEST_STEP][PASSED] - verifyElementPresent: Object 'Object Repository/Test Objects/Pages/Page_StackExchangeHome/sectioncontent' is present

2018-10-25 00:41:09 - [MESSAGE][PASSED] - Object 'Object Repository/Test Objects/Pages/Page_StackExchangeHome/sectioncontent' is present

2018-10-25 00:41:09 - [TEST_STEP][PASSED] - verifyTextPresent: Text 'Stack Exchange' is present on page 

2018-10-25 00:41:13 - [MESSAGE][PASSED] - Text 'Stack Exchange' is present on page 

2018-10-25 00:41:13 - [TEST_STEP][PASSED] - takeScreenshot: Taking screenshot successfully

2018-10-25 00:41:13 - [MESSAGE][PASSED] - Taking screenshot successfully
[[ATTACHMENT|C:\\Users\\Ronnachai C\\Katalon Studio\\StackexchangeDemo\\Reports\\Login\\Login Test Suite\\20181025_003825\\1540402873056.png]]

2018-10-25 00:41:13 - [MESSAGE][PASSED] - Call Test Case 'Test Cases/Pages/01_Stack Exchage Homepage/The Homepage is loaded successfully' successfully

2018-10-25 00:41:13 - [TEST_STEP][PASSED] - callTestCase: Call Test Case 'Test Cases/Pages/01_Stack Exchage Homepage/To click the login link' successfully

2018-10-25 00:41:13 - [TEST_CASE][PASSED] - Test Cases/Pages/01_Stack Exchage Homepage/To click the login link: Test Cases/Pages/01_Stack Exchage Homepage/To click the login link

2018-10-25 00:41:13 - [TEST_STEP][PASSED] - waitForElementVisible: Object 'Object Repository/Test Objects/Pages/Page_StackExchangeHome/header_siteHeader' is visible

2018-10-25 00:41:13 - [MESSAGE][PASSED] - Object 'Object Repository/Test Objects/Pages/Page_StackExchangeHome/header_siteHeader' is visible

2018-10-25 00:41:13 - [TEST_STEP][PASSED] - click: Object: 'Object Repository/Test Objects/Pages/Page_StackExchangeHome/a_Log In' is clicked on

2018-10-25 00:41:14 - [MESSAGE][PASSED] - Object: 'Object Repository/Test Objects/Pages/Page_StackExchangeHome/a_Log In' is clicked on

2018-10-25 00:41:14 - [MESSAGE][PASSED] - Call Test Case 'Test Cases/Pages/01_Stack Exchage Homepage/To click the login link' successfully

2018-10-25 00:41:14 - [TEST_STEP][PASSED] - callTestCase: Call Test Case 'Test Cases/Pages/02_Log In Page/The Log In Page is loaded successfully' successfully

2018-10-25 00:41:14 - [TEST_CASE][PASSED] - Test Cases/Pages/02_Log In Page/The Log In Page is loaded successfully: Test Cases/Pages/02_Log In Page/The Log In Page is loaded successfully

2018-10-25 00:41:14 - [TEST_STEP][PASSED] - waitForElementVisible: Object 'Object Repository/Test Objects/Pages/Page_Log In/header_siteHeader' is visible

2018-10-25 00:41:14 - [MESSAGE][PASSED] - Object 'Object Repository/Test Objects/Pages/Page_Log In/header_siteHeader' is visible

2018-10-25 00:41:14 - [TEST_STEP][PASSED] - verifyTextPresent: Text 'Do you already have an account on one of these sites? Click the logo to' is present on page 

2018-10-25 00:41:15 - [MESSAGE][PASSED] - Text 'Do you already have an account on one of these sites? Click the logo to' is present on page 

2018-10-25 00:41:15 - [TEST_STEP][PASSED] - verifyElementPresent: Object 'Object Repository/Test Objects/Pages/Page_Log In/a_stack_exchange openid_large_' is present

2018-10-25 00:41:15 - [MESSAGE][PASSED] - Object 'Object Repository/Test Objects/Pages/Page_Log In/a_stack_exchange openid_large_' is present

2018-10-25 00:41:15 - [TEST_STEP][PASSED] - verifyElementPresent: Object 'Object Repository/Test Objects/Pages/Page_Log In/a_google openid_large_btn' is present

2018-10-25 00:41:15 - [MESSAGE][PASSED] - Object 'Object Repository/Test Objects/Pages/Page_Log In/a_google openid_large_btn' is present

2018-10-25 00:41:15 - [TEST_STEP][PASSED] - verifyElementPresent: Object 'Object Repository/Test Objects/Pages/Page_Log In/a_facebook openid_large_btn' is present

2018-10-25 00:41:15 - [MESSAGE][PASSED] - Object 'Object Repository/Test Objects/Pages/Page_Log In/a_facebook openid_large_btn' is present

2018-10-25 00:41:15 - [TEST_STEP][PASSED] - verifyElementPresent: Object 'Object Repository/Test Objects/Pages/Page_Log In/a_yahoo openid_large_btn' is present

2018-10-25 00:41:15 - [MESSAGE][PASSED] - Object 'Object Repository/Test Objects/Pages/Page_Log In/a_yahoo openid_large_btn' is present

2018-10-25 00:41:15 - [TEST_STEP][PASSED] - verifyTextPresent: Text 'click here to sign up' is present on page 

2018-10-25 00:41:16 - [MESSAGE][PASSED] - Text 'click here to sign up' is present on page 

2018-10-25 00:41:16 - [TEST_STEP][PASSED] - takeScreenshot: Taking screenshot successfully

2018-10-25 00:41:16 - [MESSAGE][PASSED] - Taking screenshot successfully
[[ATTACHMENT|C:\\Users\\Ronnachai C\\Katalon Studio\\StackexchangeDemo\\Reports\\Login\\Login Test Suite\\20181025_003825\\1540402876599.png]]

2018-10-25 00:41:16 - [MESSAGE][PASSED] - Call Test Case 'Test Cases/Pages/02_Log In Page/The Log In Page is loaded successfully' successfully

2018-10-25 00:41:16 - [TEST_STEP][PASSED] - callTestCase: Call Test Case 'Test Cases/Pages/02_Log In Page/To click the log in with stackexchange' successfully

2018-10-25 00:41:16 - [TEST_CASE][PASSED] - Test Cases/Pages/02_Log In Page/To click the log in with stackexchange: Test Cases/Pages/02_Log In Page/To click the log in with stackexchange

2018-10-25 00:41:16 - [TEST_STEP][PASSED] - waitForElementVisible: Object 'Object Repository/Test Objects/Pages/Page_Log In/header_siteHeader' is visible

2018-10-25 00:41:16 - [MESSAGE][PASSED] - Object 'Object Repository/Test Objects/Pages/Page_Log In/header_siteHeader' is visible

2018-10-25 00:41:16 - [TEST_STEP][PASSED] - click: Object: 'Object Repository/Test Objects/Pages/Page_Log In/a_stack_exchange openid_large_' is clicked on

2018-10-25 00:41:17 - [MESSAGE][PASSED] - Object: 'Object Repository/Test Objects/Pages/Page_Log In/a_stack_exchange openid_large_' is clicked on

2018-10-25 00:41:17 - [TEST_STEP][PASSED] - delay: Delayed 5 second(s)

2018-10-25 00:41:22 - [MESSAGE][PASSED] - Delayed 5 second(s)

2018-10-25 00:41:22 - [MESSAGE][PASSED] - Call Test Case 'Test Cases/Pages/02_Log In Page/To click the log in with stackexchange' successfully

2018-10-25 00:41:22 - [TEST_STEP][PASSED] - switchToFrame: Switched to iframe: 'Object Repository/Test Objects/Pages/Page_Log In/iFrame/Page_Log In/iframeaffiliate-signin-iframe'

2018-10-25 00:41:22 - [TEST_STEP][PASSED] - setText: Text 'charnjaroen@gmail.com' is set on object 'Object Repository/Test Objects/Pages/Page_Log In/iFrame/Page_Log In/input_email'

2018-10-25 00:41:22 - [MESSAGE][PASSED] - Text 'charnjaroen@gmail.com' is set on object 'Object Repository/Test Objects/Pages/Page_Log In/iFrame/Page_Log In/input_email'

2018-10-25 00:41:22 - [TEST_STEP][PASSED] - click: Object: 'Object Repository/Test Objects/Pages/Page_Log In/iFrame/Page_Log In/input_affiliate-button' is clicked on

2018-10-25 00:41:23 - [MESSAGE][PASSED] - Object: 'Object Repository/Test Objects/Pages/Page_Log In/iFrame/Page_Log In/input_affiliate-button' is clicked on

2018-10-25 00:41:23 - [TEST_STEP][PASSED] - verifyElementPresent: Object 'Object Repository/Test Objects/Pages/Page_Log In/iFrame/Page_Log In/p_Invalid email address' is present

2018-10-25 00:41:23 - [MESSAGE][WARNING] - Timeout '0' is invalid. Using default page load timeout: '30'

2018-10-25 00:41:23 - [MESSAGE][PASSED] - Object 'Object Repository/Test Objects/Pages/Page_Log In/iFrame/Page_Log In/p_Invalid email address' is present

2018-10-25 00:41:23 - [TEST_STEP][PASSED] - takeScreenshot: Taking screenshot successfully

2018-10-25 00:41:23 - [MESSAGE][PASSED] - Taking screenshot successfully
[[ATTACHMENT|C:\\Users\\Ronnachai C\\Katalon Studio\\StackexchangeDemo\\Reports\\Login\\Login Test Suite\\20181025_003825\\1540402883224.png]]

2018-10-25 00:41:23 - [TEST_STEP][PASSED] - Start listener action : afterTestcase: Browser is closed

2018-10-25 00:41:23 - [TEST_STEP][PASSED] - closeBrowser: Browser is closed

2018-10-25 00:41:32 - [MESSAGE][PASSED] - Browser is closed]]></system-out>
         <system-err><![CDATA[]]></system-err>
      </testcase>
      <testcase name="Test Cases/Tests/Log In/TC-SIN-004 Check for invalid username" classname="Test Cases/Tests/Log In/TC-SIN-004 Check for invalid username" status="PASSED">
         <system-out><![CDATA[2018-10-25 00:41:34 - [TEST_CASE][PASSED] - Test Cases/Tests/Log In/TC-SIN-004 Check for invalid username: Test Cases/Tests/Log In/TC-SIN-004 Check for invalid username

2018-10-25 00:41:34 - [TEST_STEP][PASSED] - Start listener action : beforeTestcase: Navigate to 'https://stackexchange.com/' successfully

2018-10-25 00:41:34 - [TEST_STEP][PASSED] - openBrowser: Browser is opened with url: ''

2018-10-25 00:41:41 - [MESSAGE][PASSED] - Browser is opened with url: ''

2018-10-25 00:41:41 - [TEST_STEP][PASSED] - maximizeWindow: Current window maximized

2018-10-25 00:41:44 - [MESSAGE][PASSED] - Current window maximized

2018-10-25 00:41:44 - [TEST_STEP][PASSED] - navigateToUrl: Navigate to 'https://stackexchange.com/' successfully

2018-10-25 00:41:48 - [MESSAGE][PASSED] - Navigate to 'https://stackexchange.com/' successfully

2018-10-25 00:41:48 - [TEST_STEP][PASSED] - callTestCase: Call Test Case 'Test Cases/Pages/01_Stack Exchage Homepage/The Homepage is loaded successfully' successfully

2018-10-25 00:41:48 - [TEST_CASE][PASSED] - Test Cases/Pages/01_Stack Exchage Homepage/The Homepage is loaded successfully: Test Cases/Pages/01_Stack Exchage Homepage/The Homepage is loaded successfully

2018-10-25 00:41:48 - [TEST_STEP][PASSED] - waitForElementVisible: Object 'Object Repository/Test Objects/Pages/Page_StackExchangeHome/header_top-bar js-top-bar' is visible

2018-10-25 00:41:48 - [MESSAGE][PASSED] - Object 'Object Repository/Test Objects/Pages/Page_StackExchangeHome/header_top-bar js-top-bar' is visible

2018-10-25 00:41:48 - [TEST_STEP][PASSED] - waitForElementVisible: Object 'Object Repository/Test Objects/Pages/Page_StackExchangeHome/header_siteHeader' is visible

2018-10-25 00:41:48 - [MESSAGE][PASSED] - Object 'Object Repository/Test Objects/Pages/Page_StackExchangeHome/header_siteHeader' is visible

2018-10-25 00:41:48 - [TEST_STEP][PASSED] - verifyElementPresent: Object 'Object Repository/Test Objects/Pages/Page_StackExchangeHome/a_-logo js-gps-track' is present

2018-10-25 00:41:48 - [MESSAGE][PASSED] - Object 'Object Repository/Test Objects/Pages/Page_StackExchangeHome/a_-logo js-gps-track' is present

2018-10-25 00:41:48 - [TEST_STEP][PASSED] - verifyTextPresent: Text 'Tour' is present on page 

2018-10-25 00:41:52 - [MESSAGE][PASSED] - Text 'Tour' is present on page 

2018-10-25 00:41:52 - [TEST_STEP][PASSED] - verifyTextPresent: Text 'About Us' is present on page 

2018-10-25 00:41:55 - [MESSAGE][PASSED] - Text 'About Us' is present on page 

2018-10-25 00:41:55 - [TEST_STEP][PASSED] - verifyTextPresent: Text 'Meta' is present on page 

2018-10-25 00:41:58 - [MESSAGE][PASSED] - Text 'Meta' is present on page 

2018-10-25 00:41:58 - [TEST_STEP][PASSED] - verifyElementPresent: Object 'Object Repository/Test Objects/Pages/Page_StackExchangeHome/input_q' is present

2018-10-25 00:41:58 - [MESSAGE][PASSED] - Object 'Object Repository/Test Objects/Pages/Page_StackExchangeHome/input_q' is present

2018-10-25 00:41:58 - [TEST_STEP][PASSED] - verifyTextPresent: Text 'Log In' is present on page 

2018-10-25 00:42:01 - [MESSAGE][PASSED] - Text 'Log In' is present on page 

2018-10-25 00:42:01 - [TEST_STEP][PASSED] - verifyTextPresent: Text 'Sign Up' is present on page 

2018-10-25 00:42:05 - [MESSAGE][PASSED] - Text 'Sign Up' is present on page 

2018-10-25 00:42:05 - [TEST_STEP][PASSED] - verifyElementPresent: Object 'Object Repository/Test Objects/Pages/Page_StackExchangeHome/sectioncontent' is present

2018-10-25 00:42:05 - [MESSAGE][PASSED] - Object 'Object Repository/Test Objects/Pages/Page_StackExchangeHome/sectioncontent' is present

2018-10-25 00:42:05 - [TEST_STEP][PASSED] - verifyTextPresent: Text 'Stack Exchange' is present on page 

2018-10-25 00:42:08 - [MESSAGE][PASSED] - Text 'Stack Exchange' is present on page 

2018-10-25 00:42:08 - [TEST_STEP][PASSED] - takeScreenshot: Taking screenshot successfully

2018-10-25 00:42:08 - [MESSAGE][PASSED] - Taking screenshot successfully
[[ATTACHMENT|C:\\Users\\Ronnachai C\\Katalon Studio\\StackexchangeDemo\\Reports\\Login\\Login Test Suite\\20181025_003825\\1540402928357.png]]

2018-10-25 00:42:08 - [MESSAGE][PASSED] - Call Test Case 'Test Cases/Pages/01_Stack Exchage Homepage/The Homepage is loaded successfully' successfully

2018-10-25 00:42:08 - [TEST_STEP][PASSED] - callTestCase: Call Test Case 'Test Cases/Pages/01_Stack Exchage Homepage/To click the login link' successfully

2018-10-25 00:42:08 - [TEST_CASE][PASSED] - Test Cases/Pages/01_Stack Exchage Homepage/To click the login link: Test Cases/Pages/01_Stack Exchage Homepage/To click the login link

2018-10-25 00:42:08 - [TEST_STEP][PASSED] - waitForElementVisible: Object 'Object Repository/Test Objects/Pages/Page_StackExchangeHome/header_siteHeader' is visible

2018-10-25 00:42:08 - [MESSAGE][PASSED] - Object 'Object Repository/Test Objects/Pages/Page_StackExchangeHome/header_siteHeader' is visible

2018-10-25 00:42:08 - [TEST_STEP][PASSED] - click: Object: 'Object Repository/Test Objects/Pages/Page_StackExchangeHome/a_Log In' is clicked on

2018-10-25 00:42:09 - [MESSAGE][PASSED] - Object: 'Object Repository/Test Objects/Pages/Page_StackExchangeHome/a_Log In' is clicked on

2018-10-25 00:42:09 - [MESSAGE][PASSED] - Call Test Case 'Test Cases/Pages/01_Stack Exchage Homepage/To click the login link' successfully

2018-10-25 00:42:09 - [TEST_STEP][PASSED] - callTestCase: Call Test Case 'Test Cases/Pages/02_Log In Page/The Log In Page is loaded successfully' successfully

2018-10-25 00:42:10 - [TEST_CASE][PASSED] - Test Cases/Pages/02_Log In Page/The Log In Page is loaded successfully: Test Cases/Pages/02_Log In Page/The Log In Page is loaded successfully

2018-10-25 00:42:10 - [TEST_STEP][PASSED] - waitForElementVisible: Object 'Object Repository/Test Objects/Pages/Page_Log In/header_siteHeader' is visible

2018-10-25 00:42:10 - [MESSAGE][PASSED] - Object 'Object Repository/Test Objects/Pages/Page_Log In/header_siteHeader' is visible

2018-10-25 00:42:10 - [TEST_STEP][PASSED] - verifyTextPresent: Text 'Do you already have an account on one of these sites? Click the logo to' is present on page 

2018-10-25 00:42:10 - [MESSAGE][PASSED] - Text 'Do you already have an account on one of these sites? Click the logo to' is present on page 

2018-10-25 00:42:10 - [TEST_STEP][PASSED] - verifyElementPresent: Object 'Object Repository/Test Objects/Pages/Page_Log In/a_stack_exchange openid_large_' is present

2018-10-25 00:42:10 - [MESSAGE][PASSED] - Object 'Object Repository/Test Objects/Pages/Page_Log In/a_stack_exchange openid_large_' is present

2018-10-25 00:42:10 - [TEST_STEP][PASSED] - verifyElementPresent: Object 'Object Repository/Test Objects/Pages/Page_Log In/a_google openid_large_btn' is present

2018-10-25 00:42:10 - [MESSAGE][PASSED] - Object 'Object Repository/Test Objects/Pages/Page_Log In/a_google openid_large_btn' is present

2018-10-25 00:42:10 - [TEST_STEP][PASSED] - verifyElementPresent: Object 'Object Repository/Test Objects/Pages/Page_Log In/a_facebook openid_large_btn' is present

2018-10-25 00:42:11 - [MESSAGE][PASSED] - Object 'Object Repository/Test Objects/Pages/Page_Log In/a_facebook openid_large_btn' is present

2018-10-25 00:42:11 - [TEST_STEP][PASSED] - verifyElementPresent: Object 'Object Repository/Test Objects/Pages/Page_Log In/a_yahoo openid_large_btn' is present

2018-10-25 00:42:11 - [MESSAGE][PASSED] - Object 'Object Repository/Test Objects/Pages/Page_Log In/a_yahoo openid_large_btn' is present

2018-10-25 00:42:11 - [TEST_STEP][PASSED] - verifyTextPresent: Text 'click here to sign up' is present on page 

2018-10-25 00:42:11 - [MESSAGE][PASSED] - Text 'click here to sign up' is present on page 

2018-10-25 00:42:11 - [TEST_STEP][PASSED] - takeScreenshot: Taking screenshot successfully

2018-10-25 00:42:11 - [MESSAGE][PASSED] - Taking screenshot successfully
[[ATTACHMENT|C:\\Users\\Ronnachai C\\Katalon Studio\\StackexchangeDemo\\Reports\\Login\\Login Test Suite\\20181025_003825\\1540402931738.png]]

2018-10-25 00:42:11 - [MESSAGE][PASSED] - Call Test Case 'Test Cases/Pages/02_Log In Page/The Log In Page is loaded successfully' successfully

2018-10-25 00:42:11 - [TEST_STEP][PASSED] - callTestCase: Call Test Case 'Test Cases/Pages/02_Log In Page/To click the log in with stackexchange' successfully

2018-10-25 00:42:11 - [TEST_CASE][PASSED] - Test Cases/Pages/02_Log In Page/To click the log in with stackexchange: Test Cases/Pages/02_Log In Page/To click the log in with stackexchange

2018-10-25 00:42:11 - [TEST_STEP][PASSED] - waitForElementVisible: Object 'Object Repository/Test Objects/Pages/Page_Log In/header_siteHeader' is visible

2018-10-25 00:42:11 - [MESSAGE][PASSED] - Object 'Object Repository/Test Objects/Pages/Page_Log In/header_siteHeader' is visible

2018-10-25 00:42:11 - [TEST_STEP][PASSED] - click: Object: 'Object Repository/Test Objects/Pages/Page_Log In/a_stack_exchange openid_large_' is clicked on

2018-10-25 00:42:12 - [MESSAGE][PASSED] - Object: 'Object Repository/Test Objects/Pages/Page_Log In/a_stack_exchange openid_large_' is clicked on

2018-10-25 00:42:12 - [TEST_STEP][PASSED] - delay: Delayed 5 second(s)

2018-10-25 00:42:17 - [MESSAGE][PASSED] - Delayed 5 second(s)

2018-10-25 00:42:17 - [MESSAGE][PASSED] - Call Test Case 'Test Cases/Pages/02_Log In Page/To click the log in with stackexchange' successfully

2018-10-25 00:42:17 - [TEST_STEP][PASSED] - switchToFrame: Timeout '0' is invalid. Using default page load timeout: '30'

2018-10-25 00:42:17 - [MESSAGE][WARNING] - Timeout '0' is invalid. Using default page load timeout: '30'

2018-10-25 00:42:17 - [TEST_STEP][PASSED] - setText: Text 'charnjaroen' is set on object 'Object Repository/Test Objects/Pages/Page_Log In/iFrame/Page_Log In/input_email'

2018-10-25 00:42:17 - [MESSAGE][PASSED] - Text 'charnjaroen' is set on object 'Object Repository/Test Objects/Pages/Page_Log In/iFrame/Page_Log In/input_email'

2018-10-25 00:42:17 - [TEST_STEP][PASSED] - setEncryptedText: Text ****** has been set on object 'Object Repository/Test Objects/Pages/Page_Log In/iFrame/Page_Log In/input_password'

2018-10-25 00:42:17 - [MESSAGE][PASSED] - Text ****** has been set on object 'Object Repository/Test Objects/Pages/Page_Log In/iFrame/Page_Log In/input_password'

2018-10-25 00:42:17 - [TEST_STEP][PASSED] - click: Object: 'Object Repository/Test Objects/Pages/Page_Log In/iFrame/Page_Log In/input_affiliate-button' is clicked on

2018-10-25 00:42:18 - [MESSAGE][PASSED] - Object: 'Object Repository/Test Objects/Pages/Page_Log In/iFrame/Page_Log In/input_affiliate-button' is clicked on

2018-10-25 00:42:18 - [TEST_STEP][PASSED] - verifyElementPresent: Object 'Object Repository/Test Objects/Pages/Page_Log In/iFrame/Page_Log In/p_Invalid email address' is present

2018-10-25 00:42:18 - [MESSAGE][PASSED] - Object 'Object Repository/Test Objects/Pages/Page_Log In/iFrame/Page_Log In/p_Invalid email address' is present

2018-10-25 00:42:18 - [TEST_STEP][PASSED] - takeScreenshot: Taking screenshot successfully

2018-10-25 00:42:18 - [MESSAGE][PASSED] - Taking screenshot successfully
[[ATTACHMENT|C:\\Users\\Ronnachai C\\Katalon Studio\\StackexchangeDemo\\Reports\\Login\\Login Test Suite\\20181025_003825\\1540402938208.png]]

2018-10-25 00:42:18 - [TEST_STEP][PASSED] - Start listener action : afterTestcase: Browser is closed

2018-10-25 00:42:18 - [TEST_STEP][PASSED] - closeBrowser: Browser is closed

2018-10-25 00:42:27 - [MESSAGE][PASSED] - Browser is closed]]></system-out>
         <system-err><![CDATA[]]></system-err>
      </testcase>
      <testcase name="Test Cases/Tests/Log In/TC-SIN-005 Check for invalid password" classname="Test Cases/Tests/Log In/TC-SIN-005 Check for invalid password" status="PASSED">
         <system-out><![CDATA[2018-10-25 00:42:29 - [TEST_CASE][PASSED] - Test Cases/Tests/Log In/TC-SIN-005 Check for invalid password: Test Cases/Tests/Log In/TC-SIN-005 Check for invalid password

2018-10-25 00:42:30 - [TEST_STEP][PASSED] - Start listener action : beforeTestcase: Navigate to 'https://stackexchange.com/' successfully

2018-10-25 00:42:30 - [TEST_STEP][PASSED] - openBrowser: Browser is opened with url: ''

2018-10-25 00:42:36 - [MESSAGE][PASSED] - Browser is opened with url: ''

2018-10-25 00:42:36 - [TEST_STEP][PASSED] - maximizeWindow: Current window maximized

2018-10-25 00:42:40 - [MESSAGE][PASSED] - Current window maximized

2018-10-25 00:42:40 - [TEST_STEP][PASSED] - navigateToUrl: Navigate to 'https://stackexchange.com/' successfully

2018-10-25 00:42:43 - [MESSAGE][PASSED] - Navigate to 'https://stackexchange.com/' successfully

2018-10-25 00:42:44 - [TEST_STEP][PASSED] - callTestCase: Call Test Case 'Test Cases/Pages/01_Stack Exchage Homepage/The Homepage is loaded successfully' successfully

2018-10-25 00:42:44 - [TEST_CASE][PASSED] - Test Cases/Pages/01_Stack Exchage Homepage/The Homepage is loaded successfully: Test Cases/Pages/01_Stack Exchage Homepage/The Homepage is loaded successfully

2018-10-25 00:42:44 - [TEST_STEP][PASSED] - waitForElementVisible: Object 'Object Repository/Test Objects/Pages/Page_StackExchangeHome/header_top-bar js-top-bar' is visible

2018-10-25 00:42:44 - [MESSAGE][PASSED] - Object 'Object Repository/Test Objects/Pages/Page_StackExchangeHome/header_top-bar js-top-bar' is visible

2018-10-25 00:42:44 - [TEST_STEP][PASSED] - waitForElementVisible: Object 'Object Repository/Test Objects/Pages/Page_StackExchangeHome/header_siteHeader' is visible

2018-10-25 00:42:44 - [MESSAGE][PASSED] - Object 'Object Repository/Test Objects/Pages/Page_StackExchangeHome/header_siteHeader' is visible

2018-10-25 00:42:44 - [TEST_STEP][PASSED] - verifyElementPresent: Object 'Object Repository/Test Objects/Pages/Page_StackExchangeHome/a_-logo js-gps-track' is present

2018-10-25 00:42:44 - [MESSAGE][PASSED] - Object 'Object Repository/Test Objects/Pages/Page_StackExchangeHome/a_-logo js-gps-track' is present

2018-10-25 00:42:44 - [TEST_STEP][PASSED] - verifyTextPresent: Text 'Tour' is present on page 

2018-10-25 00:42:48 - [MESSAGE][PASSED] - Text 'Tour' is present on page 

2018-10-25 00:42:48 - [TEST_STEP][PASSED] - verifyTextPresent: Text 'About Us' is present on page 

2018-10-25 00:42:51 - [MESSAGE][PASSED] - Text 'About Us' is present on page 

2018-10-25 00:42:51 - [TEST_STEP][PASSED] - verifyTextPresent: Text 'Meta' is present on page 

2018-10-25 00:42:54 - [MESSAGE][PASSED] - Text 'Meta' is present on page 

2018-10-25 00:42:54 - [TEST_STEP][PASSED] - verifyElementPresent: Object 'Object Repository/Test Objects/Pages/Page_StackExchangeHome/input_q' is present

2018-10-25 00:42:54 - [MESSAGE][PASSED] - Object 'Object Repository/Test Objects/Pages/Page_StackExchangeHome/input_q' is present

2018-10-25 00:42:54 - [TEST_STEP][PASSED] - verifyTextPresent: Text 'Log In' is present on page 

2018-10-25 00:42:57 - [MESSAGE][PASSED] - Text 'Log In' is present on page 

2018-10-25 00:42:57 - [TEST_STEP][PASSED] - verifyTextPresent: Text 'Sign Up' is present on page 

2018-10-25 00:43:00 - [MESSAGE][PASSED] - Text 'Sign Up' is present on page 

2018-10-25 00:43:00 - [TEST_STEP][PASSED] - verifyElementPresent: Object 'Object Repository/Test Objects/Pages/Page_StackExchangeHome/sectioncontent' is present

2018-10-25 00:43:00 - [MESSAGE][PASSED] - Object 'Object Repository/Test Objects/Pages/Page_StackExchangeHome/sectioncontent' is present

2018-10-25 00:43:00 - [TEST_STEP][PASSED] - verifyTextPresent: Text 'Stack Exchange' is present on page 

2018-10-25 00:43:03 - [MESSAGE][PASSED] - Text 'Stack Exchange' is present on page 

2018-10-25 00:43:03 - [TEST_STEP][PASSED] - takeScreenshot: Taking screenshot successfully

2018-10-25 00:43:03 - [MESSAGE][PASSED] - Taking screenshot successfully
[[ATTACHMENT|C:\\Users\\Ronnachai C\\Katalon Studio\\StackexchangeDemo\\Reports\\Login\\Login Test Suite\\20181025_003825\\1540402983371.png]]

2018-10-25 00:43:03 - [MESSAGE][PASSED] - Call Test Case 'Test Cases/Pages/01_Stack Exchage Homepage/The Homepage is loaded successfully' successfully

2018-10-25 00:43:03 - [TEST_STEP][PASSED] - callTestCase: Call Test Case 'Test Cases/Pages/01_Stack Exchage Homepage/To click the login link' successfully

2018-10-25 00:43:03 - [TEST_CASE][PASSED] - Test Cases/Pages/01_Stack Exchage Homepage/To click the login link: Test Cases/Pages/01_Stack Exchage Homepage/To click the login link

2018-10-25 00:43:03 - [TEST_STEP][PASSED] - waitForElementVisible: Object 'Object Repository/Test Objects/Pages/Page_StackExchangeHome/header_siteHeader' is visible

2018-10-25 00:43:03 - [MESSAGE][PASSED] - Object 'Object Repository/Test Objects/Pages/Page_StackExchangeHome/header_siteHeader' is visible

2018-10-25 00:43:03 - [TEST_STEP][PASSED] - click: Object: 'Object Repository/Test Objects/Pages/Page_StackExchangeHome/a_Log In' is clicked on

2018-10-25 00:43:05 - [MESSAGE][PASSED] - Object: 'Object Repository/Test Objects/Pages/Page_StackExchangeHome/a_Log In' is clicked on

2018-10-25 00:43:05 - [MESSAGE][PASSED] - Call Test Case 'Test Cases/Pages/01_Stack Exchage Homepage/To click the login link' successfully

2018-10-25 00:43:05 - [TEST_STEP][PASSED] - callTestCase: Call Test Case 'Test Cases/Pages/02_Log In Page/The Log In Page is loaded successfully' successfully

2018-10-25 00:43:05 - [TEST_CASE][PASSED] - Test Cases/Pages/02_Log In Page/The Log In Page is loaded successfully: Test Cases/Pages/02_Log In Page/The Log In Page is loaded successfully

2018-10-25 00:43:05 - [TEST_STEP][PASSED] - waitForElementVisible: Object 'Object Repository/Test Objects/Pages/Page_Log In/header_siteHeader' is visible

2018-10-25 00:43:05 - [MESSAGE][PASSED] - Object 'Object Repository/Test Objects/Pages/Page_Log In/header_siteHeader' is visible

2018-10-25 00:43:05 - [TEST_STEP][PASSED] - verifyTextPresent: Text 'Do you already have an account on one of these sites? Click the logo to' is present on page 

2018-10-25 00:43:06 - [MESSAGE][PASSED] - Text 'Do you already have an account on one of these sites? Click the logo to' is present on page 

2018-10-25 00:43:06 - [TEST_STEP][PASSED] - verifyElementPresent: Object 'Object Repository/Test Objects/Pages/Page_Log In/a_stack_exchange openid_large_' is present

2018-10-25 00:43:06 - [MESSAGE][PASSED] - Object 'Object Repository/Test Objects/Pages/Page_Log In/a_stack_exchange openid_large_' is present

2018-10-25 00:43:06 - [TEST_STEP][PASSED] - verifyElementPresent: Object 'Object Repository/Test Objects/Pages/Page_Log In/a_google openid_large_btn' is present

2018-10-25 00:43:06 - [MESSAGE][PASSED] - Object 'Object Repository/Test Objects/Pages/Page_Log In/a_google openid_large_btn' is present

2018-10-25 00:43:06 - [TEST_STEP][PASSED] - verifyElementPresent: Object 'Object Repository/Test Objects/Pages/Page_Log In/a_facebook openid_large_btn' is present

2018-10-25 00:43:06 - [MESSAGE][PASSED] - Object 'Object Repository/Test Objects/Pages/Page_Log In/a_facebook openid_large_btn' is present

2018-10-25 00:43:06 - [TEST_STEP][PASSED] - verifyElementPresent: Object 'Object Repository/Test Objects/Pages/Page_Log In/a_yahoo openid_large_btn' is present

2018-10-25 00:43:06 - [MESSAGE][PASSED] - Object 'Object Repository/Test Objects/Pages/Page_Log In/a_yahoo openid_large_btn' is present

2018-10-25 00:43:06 - [TEST_STEP][PASSED] - verifyTextPresent: Text 'click here to sign up' is present on page 

2018-10-25 00:43:06 - [MESSAGE][PASSED] - Text 'click here to sign up' is present on page 

2018-10-25 00:43:06 - [TEST_STEP][PASSED] - takeScreenshot: Taking screenshot successfully

2018-10-25 00:43:07 - [MESSAGE][PASSED] - Taking screenshot successfully
[[ATTACHMENT|C:\\Users\\Ronnachai C\\Katalon Studio\\StackexchangeDemo\\Reports\\Login\\Login Test Suite\\20181025_003825\\1540402986949.png]]

2018-10-25 00:43:07 - [MESSAGE][PASSED] - Call Test Case 'Test Cases/Pages/02_Log In Page/The Log In Page is loaded successfully' successfully

2018-10-25 00:43:07 - [TEST_STEP][PASSED] - callTestCase: Call Test Case 'Test Cases/Pages/02_Log In Page/To click the log in with stackexchange' successfully

2018-10-25 00:43:07 - [TEST_CASE][PASSED] - Test Cases/Pages/02_Log In Page/To click the log in with stackexchange: Test Cases/Pages/02_Log In Page/To click the log in with stackexchange

2018-10-25 00:43:07 - [TEST_STEP][PASSED] - waitForElementVisible: Object 'Object Repository/Test Objects/Pages/Page_Log In/header_siteHeader' is visible

2018-10-25 00:43:07 - [MESSAGE][PASSED] - Object 'Object Repository/Test Objects/Pages/Page_Log In/header_siteHeader' is visible

2018-10-25 00:43:07 - [TEST_STEP][PASSED] - click: Object: 'Object Repository/Test Objects/Pages/Page_Log In/a_stack_exchange openid_large_' is clicked on

2018-10-25 00:43:07 - [MESSAGE][PASSED] - Object: 'Object Repository/Test Objects/Pages/Page_Log In/a_stack_exchange openid_large_' is clicked on

2018-10-25 00:43:07 - [TEST_STEP][PASSED] - delay: Delayed 5 second(s)

2018-10-25 00:43:12 - [MESSAGE][PASSED] - Delayed 5 second(s)

2018-10-25 00:43:12 - [MESSAGE][PASSED] - Call Test Case 'Test Cases/Pages/02_Log In Page/To click the log in with stackexchange' successfully

2018-10-25 00:43:12 - [TEST_STEP][PASSED] - switchToFrame: Switched to iframe: 'Object Repository/Test Objects/Pages/Page_Log In/iFrame/Page_Log In/iframeaffiliate-signin-iframe'

2018-10-25 00:43:12 - [TEST_STEP][PASSED] - setText: Text 'charnjaroen@gmail.com' is set on object 'Object Repository/Test Objects/Pages/Page_Log In/iFrame/Page_Log In/input_email'

2018-10-25 00:43:12 - [MESSAGE][PASSED] - Text 'charnjaroen@gmail.com' is set on object 'Object Repository/Test Objects/Pages/Page_Log In/iFrame/Page_Log In/input_email'

2018-10-25 00:43:12 - [TEST_STEP][PASSED] - setEncryptedText: Text ****** has been set on object 'Object Repository/Test Objects/Pages/Page_Log In/iFrame/Page_Log In/input_password'

2018-10-25 00:43:12 - [MESSAGE][PASSED] - Text ****** has been set on object 'Object Repository/Test Objects/Pages/Page_Log In/iFrame/Page_Log In/input_password'

2018-10-25 00:43:12 - [TEST_STEP][PASSED] - click: Object: 'Object Repository/Test Objects/Pages/Page_Log In/iFrame/Page_Log In/input_affiliate-button' is clicked on

2018-10-25 00:43:13 - [MESSAGE][PASSED] - Object: 'Object Repository/Test Objects/Pages/Page_Log In/iFrame/Page_Log In/input_affiliate-button' is clicked on

2018-10-25 00:43:13 - [TEST_STEP][PASSED] - verifyElementPresent: Object 'Object Repository/Test Objects/Pages/Page_Log In/iFrame/Page_Log In/p_Invalid email address' is present

2018-10-25 00:43:13 - [MESSAGE][PASSED] - Object 'Object Repository/Test Objects/Pages/Page_Log In/iFrame/Page_Log In/p_Invalid email address' is present

2018-10-25 00:43:13 - [TEST_STEP][PASSED] - takeScreenshot: Taking screenshot successfully

2018-10-25 00:43:13 - [MESSAGE][PASSED] - Taking screenshot successfully
[[ATTACHMENT|C:\\Users\\Ronnachai C\\Katalon Studio\\StackexchangeDemo\\Reports\\Login\\Login Test Suite\\20181025_003825\\1540402993539.png]]

2018-10-25 00:43:13 - [TEST_STEP][PASSED] - Start listener action : afterTestcase: Browser is closed

2018-10-25 00:43:13 - [TEST_STEP][PASSED] - closeBrowser: Browser is closed

2018-10-25 00:43:23 - [MESSAGE][PASSED] - Browser is closed]]></system-out>
         <system-err><![CDATA[]]></system-err>
      </testcase>
      <testcase name="Test Cases/Tests/Log In/TC-SIN-006 Check for valid username and password via stackexchange" classname="Test Cases/Tests/Log In/TC-SIN-006 Check for valid username and password via stackexchange" status="PASSED">
         <system-out><![CDATA[2018-10-25 00:43:25 - [TEST_CASE][PASSED] - Test Cases/Tests/Log In/TC-SIN-006 Check for valid username and password via stackexchange: Test Cases/Tests/Log In/TC-SIN-006 Check for valid username and password via stackexchange

2018-10-25 00:43:25 - [TEST_STEP][PASSED] - Start listener action : beforeTestcase: Navigate to 'https://stackexchange.com/' successfully

2018-10-25 00:43:25 - [TEST_STEP][PASSED] - openBrowser: Browser is opened with url: ''

2018-10-25 00:43:31 - [MESSAGE][PASSED] - Browser is opened with url: ''

2018-10-25 00:43:31 - [TEST_STEP][PASSED] - maximizeWindow: Current window maximized

2018-10-25 00:43:35 - [MESSAGE][PASSED] - Current window maximized

2018-10-25 00:43:35 - [TEST_STEP][PASSED] - navigateToUrl: Navigate to 'https://stackexchange.com/' successfully

2018-10-25 00:43:39 - [MESSAGE][PASSED] - Navigate to 'https://stackexchange.com/' successfully

2018-10-25 00:43:39 - [TEST_STEP][PASSED] - callTestCase: Call Test Case 'Test Cases/Pages/01_Stack Exchage Homepage/The Homepage is loaded successfully' successfully

2018-10-25 00:43:40 - [TEST_CASE][PASSED] - Test Cases/Pages/01_Stack Exchage Homepage/The Homepage is loaded successfully: Test Cases/Pages/01_Stack Exchage Homepage/The Homepage is loaded successfully

2018-10-25 00:43:40 - [TEST_STEP][PASSED] - waitForElementVisible: Object 'Object Repository/Test Objects/Pages/Page_StackExchangeHome/header_top-bar js-top-bar' is visible

2018-10-25 00:43:40 - [MESSAGE][PASSED] - Object 'Object Repository/Test Objects/Pages/Page_StackExchangeHome/header_top-bar js-top-bar' is visible

2018-10-25 00:43:40 - [TEST_STEP][PASSED] - waitForElementVisible: Object 'Object Repository/Test Objects/Pages/Page_StackExchangeHome/header_siteHeader' is visible

2018-10-25 00:43:40 - [MESSAGE][PASSED] - Object 'Object Repository/Test Objects/Pages/Page_StackExchangeHome/header_siteHeader' is visible

2018-10-25 00:43:40 - [TEST_STEP][PASSED] - verifyElementPresent: Object 'Object Repository/Test Objects/Pages/Page_StackExchangeHome/a_-logo js-gps-track' is present

2018-10-25 00:43:40 - [MESSAGE][PASSED] - Object 'Object Repository/Test Objects/Pages/Page_StackExchangeHome/a_-logo js-gps-track' is present

2018-10-25 00:43:40 - [TEST_STEP][PASSED] - verifyTextPresent: Text 'Tour' is present on page 

2018-10-25 00:43:43 - [MESSAGE][PASSED] - Text 'Tour' is present on page 

2018-10-25 00:43:43 - [TEST_STEP][PASSED] - verifyTextPresent: Text 'About Us' is present on page 

2018-10-25 00:43:46 - [MESSAGE][PASSED] - Text 'About Us' is present on page 

2018-10-25 00:43:46 - [TEST_STEP][PASSED] - verifyTextPresent: Text 'Meta' is present on page 

2018-10-25 00:43:49 - [MESSAGE][PASSED] - Text 'Meta' is present on page 

2018-10-25 00:43:49 - [TEST_STEP][PASSED] - verifyElementPresent: Object 'Object Repository/Test Objects/Pages/Page_StackExchangeHome/input_q' is present

2018-10-25 00:43:49 - [MESSAGE][PASSED] - Object 'Object Repository/Test Objects/Pages/Page_StackExchangeHome/input_q' is present

2018-10-25 00:43:49 - [TEST_STEP][PASSED] - verifyTextPresent: Text 'Log In' is present on page 

2018-10-25 00:43:52 - [MESSAGE][PASSED] - Text 'Log In' is present on page 

2018-10-25 00:43:52 - [TEST_STEP][PASSED] - verifyTextPresent: Text 'Sign Up' is present on page 

2018-10-25 00:43:56 - [MESSAGE][PASSED] - Text 'Sign Up' is present on page 

2018-10-25 00:43:56 - [TEST_STEP][PASSED] - verifyElementPresent: Object 'Object Repository/Test Objects/Pages/Page_StackExchangeHome/sectioncontent' is present

2018-10-25 00:43:56 - [MESSAGE][PASSED] - Object 'Object Repository/Test Objects/Pages/Page_StackExchangeHome/sectioncontent' is present

2018-10-25 00:43:56 - [TEST_STEP][PASSED] - verifyTextPresent: Text 'Stack Exchange' is present on page 

2018-10-25 00:43:59 - [MESSAGE][PASSED] - Text 'Stack Exchange' is present on page 

2018-10-25 00:43:59 - [TEST_STEP][PASSED] - takeScreenshot: Taking screenshot successfully

2018-10-25 00:43:59 - [MESSAGE][PASSED] - Taking screenshot successfully
[[ATTACHMENT|C:\\Users\\Ronnachai C\\Katalon Studio\\StackexchangeDemo\\Reports\\Login\\Login Test Suite\\20181025_003825\\1540403039670.png]]

2018-10-25 00:43:59 - [MESSAGE][PASSED] - Call Test Case 'Test Cases/Pages/01_Stack Exchage Homepage/The Homepage is loaded successfully' successfully

2018-10-25 00:43:59 - [TEST_STEP][PASSED] - callTestCase: Call Test Case 'Test Cases/Pages/01_Stack Exchage Homepage/To click the login link' successfully

2018-10-25 00:43:59 - [TEST_CASE][PASSED] - Test Cases/Pages/01_Stack Exchage Homepage/To click the login link: Test Cases/Pages/01_Stack Exchage Homepage/To click the login link

2018-10-25 00:43:59 - [TEST_STEP][PASSED] - waitForElementVisible: Object 'Object Repository/Test Objects/Pages/Page_StackExchangeHome/header_siteHeader' is visible

2018-10-25 00:43:59 - [MESSAGE][PASSED] - Object 'Object Repository/Test Objects/Pages/Page_StackExchangeHome/header_siteHeader' is visible

2018-10-25 00:43:59 - [TEST_STEP][PASSED] - click: Object: 'Object Repository/Test Objects/Pages/Page_StackExchangeHome/a_Log In' is clicked on

2018-10-25 00:44:01 - [MESSAGE][PASSED] - Object: 'Object Repository/Test Objects/Pages/Page_StackExchangeHome/a_Log In' is clicked on

2018-10-25 00:44:01 - [MESSAGE][PASSED] - Call Test Case 'Test Cases/Pages/01_Stack Exchage Homepage/To click the login link' successfully

2018-10-25 00:44:01 - [TEST_STEP][PASSED] - callTestCase: Call Test Case 'Test Cases/Pages/02_Log In Page/The Log In Page is loaded successfully' successfully

2018-10-25 00:44:01 - [TEST_CASE][PASSED] - Test Cases/Pages/02_Log In Page/The Log In Page is loaded successfully: Test Cases/Pages/02_Log In Page/The Log In Page is loaded successfully

2018-10-25 00:44:01 - [TEST_STEP][PASSED] - waitForElementVisible: Object 'Object Repository/Test Objects/Pages/Page_Log In/header_siteHeader' is visible

2018-10-25 00:44:01 - [MESSAGE][PASSED] - Object 'Object Repository/Test Objects/Pages/Page_Log In/header_siteHeader' is visible

2018-10-25 00:44:01 - [TEST_STEP][PASSED] - verifyTextPresent: Text 'Do you already have an account on one of these sites? Click the logo to' is present on page 

2018-10-25 00:44:02 - [MESSAGE][PASSED] - Text 'Do you already have an account on one of these sites? Click the logo to' is present on page 

2018-10-25 00:44:02 - [TEST_STEP][PASSED] - verifyElementPresent: Object 'Object Repository/Test Objects/Pages/Page_Log In/a_stack_exchange openid_large_' is present

2018-10-25 00:44:02 - [MESSAGE][PASSED] - Object 'Object Repository/Test Objects/Pages/Page_Log In/a_stack_exchange openid_large_' is present

2018-10-25 00:44:02 - [TEST_STEP][PASSED] - verifyElementPresent: Object 'Object Repository/Test Objects/Pages/Page_Log In/a_google openid_large_btn' is present

2018-10-25 00:44:02 - [MESSAGE][PASSED] - Object 'Object Repository/Test Objects/Pages/Page_Log In/a_google openid_large_btn' is present

2018-10-25 00:44:02 - [TEST_STEP][PASSED] - verifyElementPresent: Object 'Object Repository/Test Objects/Pages/Page_Log In/a_facebook openid_large_btn' is present

2018-10-25 00:44:02 - [MESSAGE][PASSED] - Object 'Object Repository/Test Objects/Pages/Page_Log In/a_facebook openid_large_btn' is present

2018-10-25 00:44:02 - [TEST_STEP][PASSED] - verifyElementPresent: Object 'Object Repository/Test Objects/Pages/Page_Log In/a_yahoo openid_large_btn' is present

2018-10-25 00:44:02 - [MESSAGE][PASSED] - Object 'Object Repository/Test Objects/Pages/Page_Log In/a_yahoo openid_large_btn' is present

2018-10-25 00:44:02 - [TEST_STEP][PASSED] - verifyTextPresent: Text 'click here to sign up' is present on page 

2018-10-25 00:44:03 - [MESSAGE][PASSED] - Text 'click here to sign up' is present on page 

2018-10-25 00:44:03 - [TEST_STEP][PASSED] - takeScreenshot: Taking screenshot successfully

2018-10-25 00:44:03 - [MESSAGE][PASSED] - Taking screenshot successfully
[[ATTACHMENT|C:\\Users\\Ronnachai C\\Katalon Studio\\StackexchangeDemo\\Reports\\Login\\Login Test Suite\\20181025_003825\\1540403043171.png]]

2018-10-25 00:44:03 - [MESSAGE][PASSED] - Call Test Case 'Test Cases/Pages/02_Log In Page/The Log In Page is loaded successfully' successfully

2018-10-25 00:44:03 - [TEST_STEP][PASSED] - callTestCase: Call Test Case 'Test Cases/Pages/02_Log In Page/To click the log in with stackexchange' successfully

2018-10-25 00:44:03 - [TEST_CASE][PASSED] - Test Cases/Pages/02_Log In Page/To click the log in with stackexchange: Test Cases/Pages/02_Log In Page/To click the log in with stackexchange

2018-10-25 00:44:03 - [TEST_STEP][PASSED] - waitForElementVisible: Object 'Object Repository/Test Objects/Pages/Page_Log In/header_siteHeader' is visible

2018-10-25 00:44:03 - [MESSAGE][PASSED] - Object 'Object Repository/Test Objects/Pages/Page_Log In/header_siteHeader' is visible

2018-10-25 00:44:03 - [TEST_STEP][PASSED] - click: Object: 'Object Repository/Test Objects/Pages/Page_Log In/a_stack_exchange openid_large_' is clicked on

2018-10-25 00:44:03 - [MESSAGE][PASSED] - Object: 'Object Repository/Test Objects/Pages/Page_Log In/a_stack_exchange openid_large_' is clicked on

2018-10-25 00:44:03 - [TEST_STEP][PASSED] - delay: Delayed 5 second(s)

2018-10-25 00:44:08 - [MESSAGE][PASSED] - Delayed 5 second(s)

2018-10-25 00:44:08 - [MESSAGE][PASSED] - Call Test Case 'Test Cases/Pages/02_Log In Page/To click the log in with stackexchange' successfully

2018-10-25 00:44:08 - [TEST_STEP][PASSED] - switchToFrame: Switched to iframe: 'Object Repository/Test Objects/Pages/Page_Log In/iFrame/Page_Log In/iframeaffiliate-signin-iframe'

2018-10-25 00:44:08 - [TEST_STEP][PASSED] - setText: Text 'charnjaroen@gmail.com' is set on object 'Object Repository/Test Objects/Pages/Page_Log In/iFrame/Page_Log In/input_email'

2018-10-25 00:44:09 - [MESSAGE][PASSED] - Text 'charnjaroen@gmail.com' is set on object 'Object Repository/Test Objects/Pages/Page_Log In/iFrame/Page_Log In/input_email'

2018-10-25 00:44:09 - [TEST_STEP][PASSED] - setEncryptedText: Text ****** has been set on object 'Object Repository/Test Objects/Pages/Page_Log In/iFrame/Page_Log In/input_password'

2018-10-25 00:44:09 - [MESSAGE][PASSED] - Text ****** has been set on object 'Object Repository/Test Objects/Pages/Page_Log In/iFrame/Page_Log In/input_password'

2018-10-25 00:44:09 - [TEST_STEP][PASSED] - click: Object: 'Object Repository/Test Objects/Pages/Page_Log In/iFrame/Page_Log In/input_affiliate-button' is clicked on

2018-10-25 00:44:13 - [MESSAGE][PASSED] - Object: 'Object Repository/Test Objects/Pages/Page_Log In/iFrame/Page_Log In/input_affiliate-button' is clicked on

2018-10-25 00:44:13 - [TEST_STEP][PASSED] - delay: Delayed 10 second(s)

2018-10-25 00:44:23 - [MESSAGE][PASSED] - Delayed 10 second(s)

2018-10-25 00:44:23 - [TEST_STEP][PASSED] - switchToDefaultContent: Switching to default content

2018-10-25 00:44:23 - [TEST_STEP][PASSED] - callTestCase: Call Test Case 'Test Cases/Pages/03_Dashboard Page/The Dashboard Page is loaded successfully' successfully

2018-10-25 00:44:23 - [TEST_CASE][PASSED] - Test Cases/Pages/03_Dashboard Page/The Dashboard Page is loaded successfully: Test Cases/Pages/03_Dashboard Page/The Dashboard Page is loaded successfully

2018-10-25 00:44:23 - [TEST_STEP][PASSED] - waitForElementVisible: Object 'Object Repository/Test Objects/Pages/Page_LoginSuccess_Stack Exchange/header_Stack Exchange' is visible

2018-10-25 00:44:23 - [MESSAGE][PASSED] - Object 'Object Repository/Test Objects/Pages/Page_LoginSuccess_Stack Exchange/header_Stack Exchange' is visible

2018-10-25 00:44:23 - [TEST_STEP][PASSED] - verifyTextPresent: Text 'Tour' is present on page 

2018-10-25 00:44:26 - [MESSAGE][PASSED] - Text 'Tour' is present on page 

2018-10-25 00:44:26 - [TEST_STEP][PASSED] - verifyTextPresent: Text 'About Us' is present on page 

2018-10-25 00:44:30 - [MESSAGE][PASSED] - Text 'About Us' is present on page 

2018-10-25 00:44:30 - [TEST_STEP][PASSED] - verifyTextPresent: Text 'Meta' is present on page 

2018-10-25 00:44:33 - [MESSAGE][PASSED] - Text 'Meta' is present on page 

2018-10-25 00:44:33 - [TEST_STEP][PASSED] - verifyElementVisible: Object 'Object Repository/Test Objects/Pages/Page_LoginSuccess_Stack Exchange/a_Meta_my-profile js-gps-track' is visible

2018-10-25 00:44:33 - [MESSAGE][PASSED] - Object 'Object Repository/Test Objects/Pages/Page_LoginSuccess_Stack Exchange/a_Meta_my-profile js-gps-track' is visible

2018-10-25 00:44:33 - [TEST_STEP][PASSED] - verifyElementVisible: Object 'Object Repository/Test Objects/Pages/Page_LoginSuccess_Stack Exchange/a_Meta_-link js-inbox-button' is visible

2018-10-25 00:44:33 - [MESSAGE][PASSED] - Object 'Object Repository/Test Objects/Pages/Page_LoginSuccess_Stack Exchange/a_Meta_-link js-inbox-button' is visible

2018-10-25 00:44:33 - [TEST_STEP][PASSED] - verifyElementVisible: Object 'Object Repository/Test Objects/Pages/Page_LoginSuccess_Stack Exchange/a_Meta_-link js-achievements-b' is visible

2018-10-25 00:44:34 - [MESSAGE][PASSED] - Object 'Object Repository/Test Objects/Pages/Page_LoginSuccess_Stack Exchange/a_Meta_-link js-achievements-b' is visible

2018-10-25 00:44:34 - [TEST_STEP][PASSED] - verifyElementVisible: Object 'Object Repository/Test Objects/Pages/Page_LoginSuccess_Stack Exchange/a_Meta_-link js-site-switcher-' is visible

2018-10-25 00:44:34 - [MESSAGE][PASSED] - Object 'Object Repository/Test Objects/Pages/Page_LoginSuccess_Stack Exchange/a_Meta_-link js-site-switcher-' is visible

2018-10-25 00:44:34 - [TEST_STEP][PASSED] - takeScreenshot: Taking screenshot successfully

2018-10-25 00:44:34 - [MESSAGE][PASSED] - Taking screenshot successfully
[[ATTACHMENT|C:\\Users\\Ronnachai C\\Katalon Studio\\StackexchangeDemo\\Reports\\Login\\Login Test Suite\\20181025_003825\\1540403074185.png]]

2018-10-25 00:44:34 - [MESSAGE][PASSED] - Call Test Case 'Test Cases/Pages/03_Dashboard Page/The Dashboard Page is loaded successfully' successfully

2018-10-25 00:44:34 - [TEST_STEP][PASSED] - callTestCase: Call Test Case 'Test Cases/Pages/03_Dashboard Page/To click the user profile' successfully

2018-10-25 00:44:34 - [TEST_CASE][PASSED] - Test Cases/Pages/03_Dashboard Page/To click the user profile: Test Cases/Pages/03_Dashboard Page/To click the user profile

2018-10-25 00:44:34 - [TEST_STEP][PASSED] - waitForElementVisible: Object 'Object Repository/Test Objects/Pages/Page_LoginSuccess_Stack Exchange/header_Stack Exchange' is visible

2018-10-25 00:44:34 - [MESSAGE][PASSED] - Object 'Object Repository/Test Objects/Pages/Page_LoginSuccess_Stack Exchange/header_Stack Exchange' is visible

2018-10-25 00:44:34 - [TEST_STEP][PASSED] - click: Object: 'Object Repository/Test Objects/Pages/Page_LoginSuccess_Stack Exchange/a_Meta_my-profile js-gps-track' is clicked on

2018-10-25 00:44:36 - [MESSAGE][PASSED] - Object: 'Object Repository/Test Objects/Pages/Page_LoginSuccess_Stack Exchange/a_Meta_my-profile js-gps-track' is clicked on

2018-10-25 00:44:36 - [TEST_STEP][PASSED] - delay: Delayed 5 second(s)

2018-10-25 00:44:41 - [MESSAGE][PASSED] - Delayed 5 second(s)

2018-10-25 00:44:41 - [TEST_STEP][PASSED] - verifyElementVisible: Object 'Object Repository/Test Objects/Pages/Page_User_Stack Exchange/a_account14581415' is visible

2018-10-25 00:44:41 - [MESSAGE][PASSED] - Object 'Object Repository/Test Objects/Pages/Page_User_Stack Exchange/a_account14581415' is visible

2018-10-25 00:44:41 - [TEST_STEP][PASSED] - takeScreenshot: Taking screenshot successfully

2018-10-25 00:44:41 - [MESSAGE][PASSED] - Taking screenshot successfully
[[ATTACHMENT|C:\\Users\\Ronnachai C\\Katalon Studio\\StackexchangeDemo\\Reports\\Login\\Login Test Suite\\20181025_003825\\1540403081305.png]]

2018-10-25 00:44:41 - [MESSAGE][PASSED] - Call Test Case 'Test Cases/Pages/03_Dashboard Page/To click the user profile' successfully

2018-10-25 00:44:41 - [TEST_STEP][PASSED] - callTestCase: Call Test Case 'Test Cases/Pages/03_Dashboard Page/To click the logout link' successfully

2018-10-25 00:44:41 - [TEST_CASE][PASSED] - Test Cases/Pages/03_Dashboard Page/To click the logout link: Test Cases/Pages/03_Dashboard Page/To click the logout link

2018-10-25 00:44:41 - [TEST_STEP][PASSED] - waitForElementVisible: Object 'Object Repository/Test Objects/Pages/Page_LoginSuccess_Stack Exchange/header_Stack Exchange' is visible

2018-10-25 00:44:42 - [MESSAGE][PASSED] - Object 'Object Repository/Test Objects/Pages/Page_LoginSuccess_Stack Exchange/header_Stack Exchange' is visible

2018-10-25 00:44:42 - [TEST_STEP][PASSED] - click: Object: 'Object Repository/Test Objects/Pages/Page_LoginSuccess_Stack Exchange/a_Meta_-link js-site-switcher-' is clicked on

2018-10-25 00:44:42 - [MESSAGE][PASSED] - Object: 'Object Repository/Test Objects/Pages/Page_LoginSuccess_Stack Exchange/a_Meta_-link js-site-switcher-' is clicked on

2018-10-25 00:44:42 - [TEST_STEP][PASSED] - delay: Delayed 10 second(s)

2018-10-25 00:44:52 - [MESSAGE][PASSED] - Delayed 10 second(s)

2018-10-25 00:44:52 - [TEST_STEP][PASSED] - click: Object: 'Object Repository/Test Objects/Pages/Page_Log Out/a_log out' is clicked on

2018-10-25 00:44:53 - [MESSAGE][PASSED] - Object: 'Object Repository/Test Objects/Pages/Page_Log Out/a_log out' is clicked on

2018-10-25 00:44:53 - [TEST_STEP][NOT_RUN] - delay: NOT_RUN: delay

2018-10-25 00:44:53 - [MESSAGE][NOT_RUN] - NOT_RUN: delay

2018-10-25 00:44:53 - [TEST_STEP][PASSED] - click: Object: 'Object Repository/Test Objects/Pages/Page_Log Out/input_superuser.com_everywhere' is clicked on

2018-10-25 00:44:54 - [MESSAGE][PASSED] - Object: 'Object Repository/Test Objects/Pages/Page_Log Out/input_superuser.com_everywhere' is clicked on

2018-10-25 00:44:54 - [TEST_STEP][PASSED] - click: Object: 'Object Repository/Test Objects/Pages/Page_Log Out/input_cancel_fr' is clicked on

2018-10-25 00:44:56 - [MESSAGE][PASSED] - Object: 'Object Repository/Test Objects/Pages/Page_Log Out/input_cancel_fr' is clicked on

2018-10-25 00:44:56 - [TEST_STEP][PASSED] - delay: Delayed 15 second(s)

2018-10-25 00:45:11 - [MESSAGE][PASSED] - Delayed 15 second(s)

2018-10-25 00:45:11 - [MESSAGE][PASSED] - Call Test Case 'Test Cases/Pages/03_Dashboard Page/To click the logout link' successfully

2018-10-25 00:45:11 - [TEST_STEP][PASSED] - Start listener action : afterTestcase: Browser is closed

2018-10-25 00:45:11 - [TEST_STEP][PASSED] - closeBrowser: Browser is closed

2018-10-25 00:45:20 - [MESSAGE][PASSED] - Browser is closed]]></system-out>
         <system-err><![CDATA[]]></system-err>
      </testcase>
      <system-out><![CDATA[2018-10-25 00:38:31 - [TEST_SUITE][PASSED] - Login Test Suite: Test Cases/Tests/Log In/TC-SIN-006 Check for valid username and password via stackexchange]]></system-out>
      <system-err><![CDATA[]]></system-err>
   </testsuite>
</testsuites>
