<?xml version="1.0" encoding="UTF-8"?>
<testsuites name="Login Test Suite" time="397" tests="6" failures="0" errors="0">
   <testsuite name="Login Test Suite" tests="6" failures="0" errors="0" time="397" timestamp="2018-11-26 18:29:18" hostname="Ronnachai C - DESKTOP-0PTJ8Q3.mshome.net" id="Test Suites/Login/Login Test Suite">
      <properties>
[...]
</properties>
      <testcase name="Test Cases/Tests/Log In/TC-SIN-001 Check for empty username and password" classname="Test Cases/Tests/Log In/TC-SIN-001 Check for empty username and password" status="PASSED">
         <system-out><![CDATA[2018-11-26 18:29:19 - [TEST_CASE][PASSED] - Test Cases/Tests/Log In/TC-SIN-001 Check for empty username and password: Test Cases/Tests/Log In/TC-SIN-001 Check for empty username and password

2018-11-26 18:29:19 - [TEST_STEP][PASSED] - Start listener action : beforeTestcase: Navigate to 'https://stackexchange.com/' successfully

2018-11-26 18:29:19 - [TEST_STEP][PASSED] - openBrowser: Browser is opened with url: ''

2018-11-26 18:29:30 - [MESSAGE][PASSED] - Browser is opened with url: ''

2018-11-26 18:29:30 - [TEST_STEP][PASSED] - maximizeWindow: Current window maximized

2018-11-26 18:29:34 - [MESSAGE][PASSED] - Current window maximized

2018-11-26 18:29:34 - [TEST_STEP][PASSED] - navigateToUrl: Navigate to 'https://stackexchange.com/' successfully

2018-11-26 18:29:37 - [MESSAGE][PASSED] - Navigate to 'https://stackexchange.com/' successfully

2018-11-26 18:29:38 - [TEST_STEP][PASSED] - callTestCase: Call Test Case 'Test Cases/Pages/01_Stack Exchage Homepage/The Homepage is loaded successfully' successfully

2018-11-26 18:29:38 - [TEST_CASE][PASSED] - Test Cases/Pages/01_Stack Exchage Homepage/The Homepage is loaded successfully: Test Cases/Pages/01_Stack Exchage Homepage/The Homepage is loaded successfully

2018-11-26 18:29:39 - [TEST_STEP][PASSED] - Statement - actual_pagetitle = com.kms.katalon.core.webui.keyword.WebUiBuiltInKeywords.getWindowTitle(): Current window's title is: 'Hot Questions - Stack Exchange'

2018-11-26 18:29:39 - [MESSAGE][PASSED] - Current window's title is: 'Hot Questions - Stack Exchange'

2018-11-26 18:29:39 - [TEST_STEP][PASSED] - verifyMatch: Actual text 'Hot Questions - Stack Exchange' and expected text 'Hot Questions - Stack Exchange' are matched 

2018-11-26 18:29:39 - [MESSAGE][PASSED] - Actual text 'Hot Questions - Stack Exchange' and expected text 'Hot Questions - Stack Exchange' are matched 

2018-11-26 18:29:39 - [TEST_STEP][PASSED] - verifyElementVisible: Object 'Object Repository/Test Objects/Pages/Page_Hot Questions - Stack Exchange/header_Stack Exchange' is visible

2018-11-26 18:29:39 - [MESSAGE][PASSED] - Object 'Object Repository/Test Objects/Pages/Page_Hot Questions - Stack Exchange/header_Stack Exchange' is visible

2018-11-26 18:29:39 - [TEST_STEP][PASSED] - verifyTextPresent: Text 'Tour' is present on page 

2018-11-26 18:29:43 - [MESSAGE][PASSED] - Text 'Tour' is present on page 

2018-11-26 18:29:43 - [TEST_STEP][PASSED] - verifyTextPresent: Text 'About Us' is present on page 

2018-11-26 18:29:48 - [MESSAGE][PASSED] - Text 'About Us' is present on page 

2018-11-26 18:29:48 - [TEST_STEP][PASSED] - verifyTextPresent: Text 'Meta' is present on page 

2018-11-26 18:29:52 - [MESSAGE][PASSED] - Text 'Meta' is present on page 

2018-11-26 18:29:52 - [TEST_STEP][PASSED] - verifyElementPresent: Object 'Object Repository/Test Objects/Pages/Page_Hot Questions - Stack Exchange/input_Meta_q' is present

2018-11-26 18:29:52 - [MESSAGE][PASSED] - Object 'Object Repository/Test Objects/Pages/Page_Hot Questions - Stack Exchange/input_Meta_q' is present

2018-11-26 18:29:52 - [TEST_STEP][PASSED] - verifyTextPresent: Text 'All Sites' is present on page 

2018-11-26 18:29:56 - [MESSAGE][PASSED] - Text 'All Sites' is present on page 

2018-11-26 18:29:56 - [TEST_STEP][PASSED] - verifyTextPresent: Text 'Top Users' is present on page 

2018-11-26 18:30:00 - [MESSAGE][PASSED] - Text 'Top Users' is present on page 

2018-11-26 18:30:00 - [TEST_STEP][PASSED] - verifyTextPresent: Text 'Newsletters' is present on page 

2018-11-26 18:30:04 - [MESSAGE][PASSED] - Text 'Newsletters' is present on page 

2018-11-26 18:30:04 - [TEST_STEP][PASSED] - verifyTextPresent: Text 'Log In' is present on page 

2018-11-26 18:30:08 - [MESSAGE][PASSED] - Text 'Log In' is present on page 

2018-11-26 18:30:08 - [TEST_STEP][PASSED] - verifyTextPresent: Text 'Stack Exchange' is present on page 

2018-11-26 18:30:12 - [MESSAGE][PASSED] - Text 'Stack Exchange' is present on page 

2018-11-26 18:30:12 - [TEST_STEP][PASSED] - takeScreenshot: Taking screenshot successfully

2018-11-26 18:30:12 - [MESSAGE][PASSED] - Taking screenshot successfully
[[ATTACHMENT|C:\\Users\\Ronnachai C\\Katalon Studio\\StackexchangeDemo\\Reports\\Login\\Login Test Suite\\20181126_182229\\1543231812330.png]]

2018-11-26 18:30:12 - [MESSAGE][PASSED] - Call Test Case 'Test Cases/Pages/01_Stack Exchage Homepage/The Homepage is loaded successfully' successfully

2018-11-26 18:30:12 - [TEST_STEP][PASSED] - callTestCase: Call Test Case 'Test Cases/Pages/01_Stack Exchage Homepage/To click the login link' successfully

2018-11-26 18:30:12 - [TEST_CASE][PASSED] - Test Cases/Pages/01_Stack Exchage Homepage/To click the login link: Test Cases/Pages/01_Stack Exchage Homepage/To click the login link

2018-11-26 18:30:13 - [TEST_STEP][PASSED] - waitForElementVisible: Object 'Object Repository/Test Objects/Pages/Page_Hot Questions - Stack Exchange/header_Stack Exchange' is visible

2018-11-26 18:30:13 - [MESSAGE][PASSED] - Object 'Object Repository/Test Objects/Pages/Page_Hot Questions - Stack Exchange/header_Stack Exchange' is visible

2018-11-26 18:30:13 - [TEST_STEP][PASSED] - click: Object: 'Object Repository/Test Objects/Pages/Page_Hot Questions - Stack Exchange/a_Log In' is clicked on

2018-11-26 18:30:15 - [MESSAGE][PASSED] - Object: 'Object Repository/Test Objects/Pages/Page_Hot Questions - Stack Exchange/a_Log In' is clicked on

2018-11-26 18:30:15 - [MESSAGE][PASSED] - Call Test Case 'Test Cases/Pages/01_Stack Exchage Homepage/To click the login link' successfully

2018-11-26 18:30:15 - [TEST_STEP][PASSED] - callTestCase: Call Test Case 'Test Cases/Pages/02_Log In Page/The Log In Page is loaded successfully' successfully

2018-11-26 18:30:15 - [TEST_CASE][PASSED] - Test Cases/Pages/02_Log In Page/The Log In Page is loaded successfully: Test Cases/Pages/02_Log In Page/The Log In Page is loaded successfully

2018-11-26 18:30:16 - [TEST_STEP][PASSED] - Statement - actual_pagetitle = com.kms.katalon.core.webui.keyword.WebUiBuiltInKeywords.getWindowTitle(): Current window's title is: 'Log In - Meta Stack Exchange'

2018-11-26 18:30:16 - [MESSAGE][PASSED] - Current window's title is: 'Log In - Meta Stack Exchange'

2018-11-26 18:30:16 - [TEST_STEP][PASSED] - verifyMatch: Actual text 'Log In - Meta Stack Exchange' and expected text 'Log In - Meta Stack Exchange' are matched 

2018-11-26 18:30:16 - [MESSAGE][PASSED] - Actual text 'Log In - Meta Stack Exchange' and expected text 'Log In - Meta Stack Exchange' are matched 

2018-11-26 18:30:16 - [TEST_STEP][PASSED] - verifyElementPresent: Object 'Object Repository/Test Objects/Pages/Page_Log In - Meta Stack Exchange/div_Log in to the  network of' is present

2018-11-26 18:30:16 - [MESSAGE][PASSED] - Object 'Object Repository/Test Objects/Pages/Page_Log In - Meta Stack Exchange/div_Log in to the  network of' is present

2018-11-26 18:30:16 - [TEST_STEP][PASSED] - verifyElementPresent: Object 'Object Repository/Test Objects/Pages/Page_Log In - Meta Stack Exchange/div_Google' is present

2018-11-26 18:30:16 - [MESSAGE][PASSED] - Object 'Object Repository/Test Objects/Pages/Page_Log In - Meta Stack Exchange/div_Google' is present

2018-11-26 18:30:16 - [TEST_STEP][PASSED] - verifyElementPresent: Object 'Object Repository/Test Objects/Pages/Page_Log In - Meta Stack Exchange/div_Facebook' is present

2018-11-26 18:30:16 - [MESSAGE][PASSED] - Object 'Object Repository/Test Objects/Pages/Page_Log In - Meta Stack Exchange/div_Facebook' is present

2018-11-26 18:30:16 - [TEST_STEP][PASSED] - verifyElementPresent: Object 'Object Repository/Test Objects/Pages/Page_Log In - Meta Stack Exchange/input_Email_email' is present

2018-11-26 18:30:16 - [MESSAGE][PASSED] - Object 'Object Repository/Test Objects/Pages/Page_Log In - Meta Stack Exchange/input_Email_email' is present

2018-11-26 18:30:16 - [TEST_STEP][PASSED] - verifyElementPresent: Object 'Object Repository/Test Objects/Pages/Page_Log In - Meta Stack Exchange/input_Password_password' is present

2018-11-26 18:30:16 - [MESSAGE][PASSED] - Object 'Object Repository/Test Objects/Pages/Page_Log In - Meta Stack Exchange/input_Password_password' is present

2018-11-26 18:30:16 - [TEST_STEP][PASSED] - verifyTextPresent: Text 'forgot?' is present on page 

2018-11-26 18:30:17 - [MESSAGE][PASSED] - Text 'forgot?' is present on page 

2018-11-26 18:30:17 - [TEST_STEP][PASSED] - takeScreenshot: Taking screenshot successfully

2018-11-26 18:30:17 - [MESSAGE][PASSED] - Taking screenshot successfully
[[ATTACHMENT|C:\\Users\\Ronnachai C\\Katalon Studio\\StackexchangeDemo\\Reports\\Login\\Login Test Suite\\20181126_182229\\1543231817169.png]]

2018-11-26 18:30:17 - [MESSAGE][PASSED] - Call Test Case 'Test Cases/Pages/02_Log In Page/The Log In Page is loaded successfully' successfully

2018-11-26 18:30:17 - [TEST_STEP][PASSED] - click: Object: 'Object Repository/Test Objects/Pages/Page_Log In - Meta Stack Exchange/button_Log in' is clicked on

2018-11-26 18:30:17 - [MESSAGE][PASSED] - Object: 'Object Repository/Test Objects/Pages/Page_Log In - Meta Stack Exchange/button_Log in' is clicked on

2018-11-26 18:30:17 - [TEST_STEP][PASSED] - verifyElementPresent: Object 'Object Repository/Test Objects/Pages/Page_Log In - Meta Stack Exchange/Data Validation/div_Email cannot be empty.' is present

2018-11-26 18:30:18 - [MESSAGE][PASSED] - Object 'Object Repository/Test Objects/Pages/Page_Log In - Meta Stack Exchange/Data Validation/div_Email cannot be empty.' is present

2018-11-26 18:30:18 - [TEST_STEP][PASSED] - verifyElementPresent: Object 'Object Repository/Test Objects/Pages/Page_Log In - Meta Stack Exchange/Data Validation/div_Password cannot be empty.' is present

2018-11-26 18:30:18 - [MESSAGE][PASSED] - Object 'Object Repository/Test Objects/Pages/Page_Log In - Meta Stack Exchange/Data Validation/div_Password cannot be empty.' is present

2018-11-26 18:30:18 - [TEST_STEP][PASSED] - takeScreenshot: Taking screenshot successfully

2018-11-26 18:30:18 - [MESSAGE][PASSED] - Taking screenshot successfully
[[ATTACHMENT|C:\\Users\\Ronnachai C\\Katalon Studio\\StackexchangeDemo\\Reports\\Login\\Login Test Suite\\20181126_182229\\1543231818208.png]]

2018-11-26 18:30:18 - [TEST_STEP][PASSED] - Start listener action : afterTestcase: Browser is closed

2018-11-26 18:30:18 - [TEST_STEP][PASSED] - closeBrowser: Browser is closed

2018-11-26 18:30:21 - [MESSAGE][PASSED] - Browser is closed]]></system-out>
         <system-err><![CDATA[]]></system-err>
      </testcase>
      <testcase name="Test Cases/Tests/Log In/TC-SIN-002 Check for empty username" classname="Test Cases/Tests/Log In/TC-SIN-002 Check for empty username" status="PASSED">
         <system-out><![CDATA[2018-11-26 18:30:23 - [TEST_CASE][PASSED] - Test Cases/Tests/Log In/TC-SIN-002 Check for empty username: Test Cases/Tests/Log In/TC-SIN-002 Check for empty username

2018-11-26 18:30:23 - [TEST_STEP][PASSED] - Start listener action : beforeTestcase: Navigate to 'https://stackexchange.com/' successfully

2018-11-26 18:30:23 - [TEST_STEP][PASSED] - openBrowser: Browser is opened with url: ''

2018-11-26 18:30:30 - [MESSAGE][PASSED] - Browser is opened with url: ''

2018-11-26 18:30:30 - [TEST_STEP][PASSED] - maximizeWindow: Current window maximized

2018-11-26 18:30:34 - [MESSAGE][PASSED] - Current window maximized

2018-11-26 18:30:34 - [TEST_STEP][PASSED] - navigateToUrl: Navigate to 'https://stackexchange.com/' successfully

2018-11-26 18:30:37 - [MESSAGE][PASSED] - Navigate to 'https://stackexchange.com/' successfully

2018-11-26 18:30:38 - [TEST_STEP][PASSED] - callTestCase: Call Test Case 'Test Cases/Pages/01_Stack Exchage Homepage/The Homepage is loaded successfully' successfully

2018-11-26 18:30:38 - [TEST_CASE][PASSED] - Test Cases/Pages/01_Stack Exchage Homepage/The Homepage is loaded successfully: Test Cases/Pages/01_Stack Exchage Homepage/The Homepage is loaded successfully

2018-11-26 18:30:38 - [TEST_STEP][PASSED] - Statement - actual_pagetitle = com.kms.katalon.core.webui.keyword.WebUiBuiltInKeywords.getWindowTitle(): Current window's title is: 'Hot Questions - Stack Exchange'

2018-11-26 18:30:38 - [MESSAGE][PASSED] - Current window's title is: 'Hot Questions - Stack Exchange'

2018-11-26 18:30:38 - [TEST_STEP][PASSED] - verifyMatch: Actual text 'Hot Questions - Stack Exchange' and expected text 'Hot Questions - Stack Exchange' are matched 

2018-11-26 18:30:38 - [MESSAGE][PASSED] - Actual text 'Hot Questions - Stack Exchange' and expected text 'Hot Questions - Stack Exchange' are matched 

2018-11-26 18:30:38 - [TEST_STEP][PASSED] - verifyElementVisible: Object 'Object Repository/Test Objects/Pages/Page_Hot Questions - Stack Exchange/header_Stack Exchange' is visible

2018-11-26 18:30:38 - [MESSAGE][PASSED] - Object 'Object Repository/Test Objects/Pages/Page_Hot Questions - Stack Exchange/header_Stack Exchange' is visible

2018-11-26 18:30:38 - [TEST_STEP][PASSED] - verifyTextPresent: Text 'Tour' is present on page 

2018-11-26 18:30:43 - [MESSAGE][PASSED] - Text 'Tour' is present on page 

2018-11-26 18:30:43 - [TEST_STEP][PASSED] - verifyTextPresent: Text 'About Us' is present on page 

2018-11-26 18:30:47 - [MESSAGE][PASSED] - Text 'About Us' is present on page 

2018-11-26 18:30:47 - [TEST_STEP][PASSED] - verifyTextPresent: Text 'Meta' is present on page 

2018-11-26 18:30:51 - [MESSAGE][PASSED] - Text 'Meta' is present on page 

2018-11-26 18:30:51 - [TEST_STEP][PASSED] - verifyElementPresent: Object 'Object Repository/Test Objects/Pages/Page_Hot Questions - Stack Exchange/input_Meta_q' is present

2018-11-26 18:30:51 - [MESSAGE][PASSED] - Object 'Object Repository/Test Objects/Pages/Page_Hot Questions - Stack Exchange/input_Meta_q' is present

2018-11-26 18:30:51 - [TEST_STEP][PASSED] - verifyTextPresent: Text 'All Sites' is present on page 

2018-11-26 18:30:55 - [MESSAGE][PASSED] - Text 'All Sites' is present on page 

2018-11-26 18:30:55 - [TEST_STEP][PASSED] - verifyTextPresent: Text 'Top Users' is present on page 

2018-11-26 18:30:59 - [MESSAGE][PASSED] - Text 'Top Users' is present on page 

2018-11-26 18:30:59 - [TEST_STEP][PASSED] - verifyTextPresent: Text 'Newsletters' is present on page 

2018-11-26 18:31:03 - [MESSAGE][PASSED] - Text 'Newsletters' is present on page 

2018-11-26 18:31:03 - [TEST_STEP][PASSED] - verifyTextPresent: Text 'Log In' is present on page 

2018-11-26 18:31:07 - [MESSAGE][PASSED] - Text 'Log In' is present on page 

2018-11-26 18:31:07 - [TEST_STEP][PASSED] - verifyTextPresent: Text 'Stack Exchange' is present on page 

2018-11-26 18:31:10 - [MESSAGE][PASSED] - Text 'Stack Exchange' is present on page 

2018-11-26 18:31:10 - [TEST_STEP][PASSED] - takeScreenshot: Taking screenshot successfully

2018-11-26 18:31:11 - [MESSAGE][PASSED] - Taking screenshot successfully
[[ATTACHMENT|C:\\Users\\Ronnachai C\\Katalon Studio\\StackexchangeDemo\\Reports\\Login\\Login Test Suite\\20181126_182229\\1543231870918.png]]

2018-11-26 18:31:11 - [MESSAGE][PASSED] - Call Test Case 'Test Cases/Pages/01_Stack Exchage Homepage/The Homepage is loaded successfully' successfully

2018-11-26 18:31:11 - [TEST_STEP][PASSED] - callTestCase: Call Test Case 'Test Cases/Pages/01_Stack Exchage Homepage/To click the login link' successfully

2018-11-26 18:31:11 - [TEST_CASE][PASSED] - Test Cases/Pages/01_Stack Exchage Homepage/To click the login link: Test Cases/Pages/01_Stack Exchage Homepage/To click the login link

2018-11-26 18:31:11 - [TEST_STEP][PASSED] - waitForElementVisible: Object 'Object Repository/Test Objects/Pages/Page_Hot Questions - Stack Exchange/header_Stack Exchange' is visible

2018-11-26 18:31:11 - [MESSAGE][PASSED] - Object 'Object Repository/Test Objects/Pages/Page_Hot Questions - Stack Exchange/header_Stack Exchange' is visible

2018-11-26 18:31:11 - [TEST_STEP][PASSED] - click: Object: 'Object Repository/Test Objects/Pages/Page_Hot Questions - Stack Exchange/a_Log In' is clicked on

2018-11-26 18:31:14 - [MESSAGE][PASSED] - Object: 'Object Repository/Test Objects/Pages/Page_Hot Questions - Stack Exchange/a_Log In' is clicked on

2018-11-26 18:31:14 - [MESSAGE][PASSED] - Call Test Case 'Test Cases/Pages/01_Stack Exchage Homepage/To click the login link' successfully

2018-11-26 18:31:14 - [TEST_STEP][PASSED] - callTestCase: Call Test Case 'Test Cases/Pages/02_Log In Page/The Log In Page is loaded successfully' successfully

2018-11-26 18:31:14 - [TEST_CASE][PASSED] - Test Cases/Pages/02_Log In Page/The Log In Page is loaded successfully: Test Cases/Pages/02_Log In Page/The Log In Page is loaded successfully

2018-11-26 18:31:14 - [TEST_STEP][PASSED] - Statement - actual_pagetitle = com.kms.katalon.core.webui.keyword.WebUiBuiltInKeywords.getWindowTitle(): Current window's title is: 'Log In - Meta Stack Exchange'

2018-11-26 18:31:14 - [MESSAGE][PASSED] - Current window's title is: 'Log In - Meta Stack Exchange'

2018-11-26 18:31:14 - [TEST_STEP][PASSED] - verifyMatch: Actual text 'Log In - Meta Stack Exchange' and expected text 'Log In - Meta Stack Exchange' are matched 

2018-11-26 18:31:14 - [MESSAGE][PASSED] - Actual text 'Log In - Meta Stack Exchange' and expected text 'Log In - Meta Stack Exchange' are matched 

2018-11-26 18:31:14 - [TEST_STEP][PASSED] - verifyElementPresent: Object 'Object Repository/Test Objects/Pages/Page_Log In - Meta Stack Exchange/div_Log in to the  network of' is present

2018-11-26 18:31:14 - [MESSAGE][PASSED] - Object 'Object Repository/Test Objects/Pages/Page_Log In - Meta Stack Exchange/div_Log in to the  network of' is present

2018-11-26 18:31:14 - [TEST_STEP][PASSED] - verifyElementPresent: Object 'Object Repository/Test Objects/Pages/Page_Log In - Meta Stack Exchange/div_Google' is present

2018-11-26 18:31:14 - [MESSAGE][PASSED] - Object 'Object Repository/Test Objects/Pages/Page_Log In - Meta Stack Exchange/div_Google' is present

2018-11-26 18:31:14 - [TEST_STEP][PASSED] - verifyElementPresent: Object 'Object Repository/Test Objects/Pages/Page_Log In - Meta Stack Exchange/div_Facebook' is present

2018-11-26 18:31:15 - [MESSAGE][PASSED] - Object 'Object Repository/Test Objects/Pages/Page_Log In - Meta Stack Exchange/div_Facebook' is present

2018-11-26 18:31:15 - [TEST_STEP][PASSED] - verifyElementPresent: Object 'Object Repository/Test Objects/Pages/Page_Log In - Meta Stack Exchange/input_Email_email' is present

2018-11-26 18:31:15 - [MESSAGE][PASSED] - Object 'Object Repository/Test Objects/Pages/Page_Log In - Meta Stack Exchange/input_Email_email' is present

2018-11-26 18:31:15 - [TEST_STEP][PASSED] - verifyElementPresent: Object 'Object Repository/Test Objects/Pages/Page_Log In - Meta Stack Exchange/input_Password_password' is present

2018-11-26 18:31:15 - [MESSAGE][PASSED] - Object 'Object Repository/Test Objects/Pages/Page_Log In - Meta Stack Exchange/input_Password_password' is present

2018-11-26 18:31:15 - [TEST_STEP][PASSED] - verifyTextPresent: Text 'forgot?' is present on page 

2018-11-26 18:31:15 - [MESSAGE][PASSED] - Text 'forgot?' is present on page 

2018-11-26 18:31:15 - [TEST_STEP][PASSED] - takeScreenshot: Taking screenshot successfully

2018-11-26 18:31:15 - [MESSAGE][PASSED] - Taking screenshot successfully
[[ATTACHMENT|C:\\Users\\Ronnachai C\\Katalon Studio\\StackexchangeDemo\\Reports\\Login\\Login Test Suite\\20181126_182229\\1543231875402.png]]

2018-11-26 18:31:15 - [MESSAGE][PASSED] - Call Test Case 'Test Cases/Pages/02_Log In Page/The Log In Page is loaded successfully' successfully

2018-11-26 18:31:15 - [TEST_STEP][PASSED] - setEncryptedText: Text ****** has been set on object 'Object Repository/Test Objects/Pages/Page_Log In - Meta Stack Exchange/input_Password_password'

2018-11-26 18:31:15 - [MESSAGE][PASSED] - Text ****** has been set on object 'Object Repository/Test Objects/Pages/Page_Log In - Meta Stack Exchange/input_Password_password'

2018-11-26 18:31:15 - [TEST_STEP][PASSED] - click: Object: 'Object Repository/Test Objects/Pages/Page_Log In - Meta Stack Exchange/button_Log in' is clicked on

2018-11-26 18:31:16 - [MESSAGE][PASSED] - Object: 'Object Repository/Test Objects/Pages/Page_Log In - Meta Stack Exchange/button_Log in' is clicked on

2018-11-26 18:31:16 - [TEST_STEP][PASSED] - verifyElementPresent: Object 'Object Repository/Test Objects/Pages/Page_Log In - Meta Stack Exchange/Data Validation/div_Email cannot be empty.' is present

2018-11-26 18:31:16 - [MESSAGE][PASSED] - Object 'Object Repository/Test Objects/Pages/Page_Log In - Meta Stack Exchange/Data Validation/div_Email cannot be empty.' is present

2018-11-26 18:31:16 - [TEST_STEP][PASSED] - takeScreenshot: Taking screenshot successfully

2018-11-26 18:31:16 - [MESSAGE][PASSED] - Taking screenshot successfully
[[ATTACHMENT|C:\\Users\\Ronnachai C\\Katalon Studio\\StackexchangeDemo\\Reports\\Login\\Login Test Suite\\20181126_182229\\1543231876775.png]]

2018-11-26 18:31:16 - [TEST_STEP][PASSED] - Start listener action : afterTestcase: Browser is closed

2018-11-26 18:31:16 - [TEST_STEP][PASSED] - closeBrowser: Browser is closed

2018-11-26 18:31:20 - [MESSAGE][PASSED] - Browser is closed]]></system-out>
         <system-err><![CDATA[]]></system-err>
      </testcase>
      <testcase name="Test Cases/Tests/Log In/TC-SIN-003 Check for empty password" classname="Test Cases/Tests/Log In/TC-SIN-003 Check for empty password" status="PASSED">
         <system-out><![CDATA[2018-11-26 18:31:22 - [TEST_CASE][PASSED] - Test Cases/Tests/Log In/TC-SIN-003 Check for empty password: Test Cases/Tests/Log In/TC-SIN-003 Check for empty password

2018-11-26 18:31:22 - [TEST_STEP][PASSED] - Start listener action : beforeTestcase: Navigate to 'https://stackexchange.com/' successfully

2018-11-26 18:31:22 - [TEST_STEP][PASSED] - openBrowser: Browser is opened with url: ''

2018-11-26 18:31:30 - [MESSAGE][PASSED] - Browser is opened with url: ''

2018-11-26 18:31:30 - [TEST_STEP][PASSED] - maximizeWindow: Current window maximized

2018-11-26 18:31:33 - [MESSAGE][PASSED] - Current window maximized

2018-11-26 18:31:33 - [TEST_STEP][PASSED] - navigateToUrl: Navigate to 'https://stackexchange.com/' successfully

2018-11-26 18:31:37 - [MESSAGE][PASSED] - Navigate to 'https://stackexchange.com/' successfully

2018-11-26 18:31:38 - [TEST_STEP][PASSED] - callTestCase: Call Test Case 'Test Cases/Pages/01_Stack Exchage Homepage/The Homepage is loaded successfully' successfully

2018-11-26 18:31:38 - [TEST_CASE][PASSED] - Test Cases/Pages/01_Stack Exchage Homepage/The Homepage is loaded successfully: Test Cases/Pages/01_Stack Exchage Homepage/The Homepage is loaded successfully

2018-11-26 18:31:38 - [TEST_STEP][PASSED] - Statement - actual_pagetitle = com.kms.katalon.core.webui.keyword.WebUiBuiltInKeywords.getWindowTitle(): Current window's title is: 'Hot Questions - Stack Exchange'

2018-11-26 18:31:38 - [MESSAGE][PASSED] - Current window's title is: 'Hot Questions - Stack Exchange'

2018-11-26 18:31:38 - [TEST_STEP][PASSED] - verifyMatch: Actual text 'Hot Questions - Stack Exchange' and expected text 'Hot Questions - Stack Exchange' are matched 

2018-11-26 18:31:38 - [MESSAGE][PASSED] - Actual text 'Hot Questions - Stack Exchange' and expected text 'Hot Questions - Stack Exchange' are matched 

2018-11-26 18:31:38 - [TEST_STEP][PASSED] - verifyElementVisible: Object 'Object Repository/Test Objects/Pages/Page_Hot Questions - Stack Exchange/header_Stack Exchange' is visible

2018-11-26 18:31:38 - [MESSAGE][PASSED] - Object 'Object Repository/Test Objects/Pages/Page_Hot Questions - Stack Exchange/header_Stack Exchange' is visible

2018-11-26 18:31:38 - [TEST_STEP][PASSED] - verifyTextPresent: Text 'Tour' is present on page 

2018-11-26 18:31:42 - [MESSAGE][PASSED] - Text 'Tour' is present on page 

2018-11-26 18:31:42 - [TEST_STEP][PASSED] - verifyTextPresent: Text 'About Us' is present on page 

2018-11-26 18:31:46 - [MESSAGE][PASSED] - Text 'About Us' is present on page 

2018-11-26 18:31:46 - [TEST_STEP][PASSED] - verifyTextPresent: Text 'Meta' is present on page 

2018-11-26 18:31:50 - [MESSAGE][PASSED] - Text 'Meta' is present on page 

2018-11-26 18:31:50 - [TEST_STEP][PASSED] - verifyElementPresent: Object 'Object Repository/Test Objects/Pages/Page_Hot Questions - Stack Exchange/input_Meta_q' is present

2018-11-26 18:31:50 - [MESSAGE][PASSED] - Object 'Object Repository/Test Objects/Pages/Page_Hot Questions - Stack Exchange/input_Meta_q' is present

2018-11-26 18:31:50 - [TEST_STEP][PASSED] - verifyTextPresent: Text 'All Sites' is present on page 

2018-11-26 18:31:54 - [MESSAGE][PASSED] - Text 'All Sites' is present on page 

2018-11-26 18:31:54 - [TEST_STEP][PASSED] - verifyTextPresent: Text 'Top Users' is present on page 

2018-11-26 18:31:58 - [MESSAGE][PASSED] - Text 'Top Users' is present on page 

2018-11-26 18:31:58 - [TEST_STEP][PASSED] - verifyTextPresent: Text 'Newsletters' is present on page 

2018-11-26 18:32:02 - [MESSAGE][PASSED] - Text 'Newsletters' is present on page 

2018-11-26 18:32:02 - [TEST_STEP][PASSED] - verifyTextPresent: Text 'Log In' is present on page 

2018-11-26 18:32:06 - [MESSAGE][PASSED] - Text 'Log In' is present on page 

2018-11-26 18:32:06 - [TEST_STEP][PASSED] - verifyTextPresent: Text 'Stack Exchange' is present on page 

2018-11-26 18:32:10 - [MESSAGE][PASSED] - Text 'Stack Exchange' is present on page 

2018-11-26 18:32:10 - [TEST_STEP][PASSED] - takeScreenshot: Taking screenshot successfully

2018-11-26 18:32:10 - [MESSAGE][PASSED] - Taking screenshot successfully
[[ATTACHMENT|C:\\Users\\Ronnachai C\\Katalon Studio\\StackexchangeDemo\\Reports\\Login\\Login Test Suite\\20181126_182229\\1543231930151.png]]

2018-11-26 18:32:10 - [MESSAGE][PASSED] - Call Test Case 'Test Cases/Pages/01_Stack Exchage Homepage/The Homepage is loaded successfully' successfully

2018-11-26 18:32:10 - [TEST_STEP][PASSED] - callTestCase: Call Test Case 'Test Cases/Pages/01_Stack Exchage Homepage/To click the login link' successfully

2018-11-26 18:32:10 - [TEST_CASE][PASSED] - Test Cases/Pages/01_Stack Exchage Homepage/To click the login link: Test Cases/Pages/01_Stack Exchage Homepage/To click the login link

2018-11-26 18:32:10 - [TEST_STEP][PASSED] - waitForElementVisible: Object 'Object Repository/Test Objects/Pages/Page_Hot Questions - Stack Exchange/header_Stack Exchange' is visible

2018-11-26 18:32:10 - [MESSAGE][PASSED] - Object 'Object Repository/Test Objects/Pages/Page_Hot Questions - Stack Exchange/header_Stack Exchange' is visible

2018-11-26 18:32:10 - [TEST_STEP][PASSED] - click: Object: 'Object Repository/Test Objects/Pages/Page_Hot Questions - Stack Exchange/a_Log In' is clicked on

2018-11-26 18:32:13 - [MESSAGE][PASSED] - Object: 'Object Repository/Test Objects/Pages/Page_Hot Questions - Stack Exchange/a_Log In' is clicked on

2018-11-26 18:32:13 - [MESSAGE][PASSED] - Call Test Case 'Test Cases/Pages/01_Stack Exchage Homepage/To click the login link' successfully

2018-11-26 18:32:13 - [TEST_STEP][PASSED] - callTestCase: Call Test Case 'Test Cases/Pages/02_Log In Page/The Log In Page is loaded successfully' successfully

2018-11-26 18:32:13 - [TEST_CASE][PASSED] - Test Cases/Pages/02_Log In Page/The Log In Page is loaded successfully: Test Cases/Pages/02_Log In Page/The Log In Page is loaded successfully

2018-11-26 18:32:13 - [TEST_STEP][PASSED] - Statement - actual_pagetitle = com.kms.katalon.core.webui.keyword.WebUiBuiltInKeywords.getWindowTitle(): Current window's title is: 'Log In - Meta Stack Exchange'

2018-11-26 18:32:13 - [MESSAGE][PASSED] - Current window's title is: 'Log In - Meta Stack Exchange'

2018-11-26 18:32:13 - [TEST_STEP][PASSED] - verifyMatch: Actual text 'Log In - Meta Stack Exchange' and expected text 'Log In - Meta Stack Exchange' are matched 

2018-11-26 18:32:13 - [MESSAGE][PASSED] - Actual text 'Log In - Meta Stack Exchange' and expected text 'Log In - Meta Stack Exchange' are matched 

2018-11-26 18:32:13 - [TEST_STEP][PASSED] - verifyElementPresent: Object 'Object Repository/Test Objects/Pages/Page_Log In - Meta Stack Exchange/div_Log in to the  network of' is present

2018-11-26 18:32:13 - [MESSAGE][PASSED] - Object 'Object Repository/Test Objects/Pages/Page_Log In - Meta Stack Exchange/div_Log in to the  network of' is present

2018-11-26 18:32:13 - [TEST_STEP][PASSED] - verifyElementPresent: Object 'Object Repository/Test Objects/Pages/Page_Log In - Meta Stack Exchange/div_Google' is present

2018-11-26 18:32:13 - [MESSAGE][PASSED] - Object 'Object Repository/Test Objects/Pages/Page_Log In - Meta Stack Exchange/div_Google' is present

2018-11-26 18:32:13 - [TEST_STEP][PASSED] - verifyElementPresent: Object 'Object Repository/Test Objects/Pages/Page_Log In - Meta Stack Exchange/div_Facebook' is present

2018-11-26 18:32:13 - [MESSAGE][PASSED] - Object 'Object Repository/Test Objects/Pages/Page_Log In - Meta Stack Exchange/div_Facebook' is present

2018-11-26 18:32:13 - [TEST_STEP][PASSED] - verifyElementPresent: Object 'Object Repository/Test Objects/Pages/Page_Log In - Meta Stack Exchange/input_Email_email' is present

2018-11-26 18:32:13 - [MESSAGE][PASSED] - Object 'Object Repository/Test Objects/Pages/Page_Log In - Meta Stack Exchange/input_Email_email' is present

2018-11-26 18:32:13 - [TEST_STEP][PASSED] - verifyElementPresent: Object 'Object Repository/Test Objects/Pages/Page_Log In - Meta Stack Exchange/input_Password_password' is present

2018-11-26 18:32:13 - [MESSAGE][PASSED] - Object 'Object Repository/Test Objects/Pages/Page_Log In - Meta Stack Exchange/input_Password_password' is present

2018-11-26 18:32:13 - [TEST_STEP][PASSED] - verifyTextPresent: Text 'forgot?' is present on page 

2018-11-26 18:32:13 - [MESSAGE][PASSED] - Text 'forgot?' is present on page 

2018-11-26 18:32:13 - [TEST_STEP][PASSED] - takeScreenshot: Taking screenshot successfully

2018-11-26 18:32:14 - [MESSAGE][PASSED] - Taking screenshot successfully
[[ATTACHMENT|C:\\Users\\Ronnachai C\\Katalon Studio\\StackexchangeDemo\\Reports\\Login\\Login Test Suite\\20181126_182229\\1543231933909.png]]

2018-11-26 18:32:14 - [MESSAGE][PASSED] - Call Test Case 'Test Cases/Pages/02_Log In Page/The Log In Page is loaded successfully' successfully

2018-11-26 18:32:14 - [TEST_STEP][PASSED] - setText: Text 'charnjaroen@gmail.com' is set on object 'Object Repository/Test Objects/Pages/Page_Log In - Meta Stack Exchange/input_Email_email'

2018-11-26 18:32:14 - [MESSAGE][PASSED] - Text 'charnjaroen@gmail.com' is set on object 'Object Repository/Test Objects/Pages/Page_Log In - Meta Stack Exchange/input_Email_email'

2018-11-26 18:32:14 - [TEST_STEP][PASSED] - click: Object: 'Object Repository/Test Objects/Pages/Page_Log In - Meta Stack Exchange/button_Log in' is clicked on

2018-11-26 18:32:14 - [MESSAGE][PASSED] - Object: 'Object Repository/Test Objects/Pages/Page_Log In - Meta Stack Exchange/button_Log in' is clicked on

2018-11-26 18:32:14 - [TEST_STEP][PASSED] - verifyElementPresent: Object 'Object Repository/Test Objects/Pages/Page_Log In - Meta Stack Exchange/Data Validation/div_Password cannot be empty.' is present

2018-11-26 18:32:15 - [MESSAGE][PASSED] - Object 'Object Repository/Test Objects/Pages/Page_Log In - Meta Stack Exchange/Data Validation/div_Password cannot be empty.' is present

2018-11-26 18:32:15 - [TEST_STEP][PASSED] - takeScreenshot: Taking screenshot successfully

2018-11-26 18:32:15 - [MESSAGE][PASSED] - Taking screenshot successfully
[[ATTACHMENT|C:\\Users\\Ronnachai C\\Katalon Studio\\StackexchangeDemo\\Reports\\Login\\Login Test Suite\\20181126_182229\\1543231935229.png]]

2018-11-26 18:32:15 - [TEST_STEP][PASSED] - Start listener action : afterTestcase: Browser is closed

2018-11-26 18:32:15 - [TEST_STEP][PASSED] - closeBrowser: Browser is closed

2018-11-26 18:32:18 - [MESSAGE][PASSED] - Browser is closed]]></system-out>
         <system-err><![CDATA[]]></system-err>
      </testcase>
      <testcase name="Test Cases/Tests/Log In/TC-SIN-004 Check for invalid username" classname="Test Cases/Tests/Log In/TC-SIN-004 Check for invalid username" status="PASSED">
         <system-out><![CDATA[2018-11-26 18:32:20 - [TEST_CASE][PASSED] - Test Cases/Tests/Log In/TC-SIN-004 Check for invalid username: Test Cases/Tests/Log In/TC-SIN-004 Check for invalid username

2018-11-26 18:32:20 - [TEST_STEP][PASSED] - Start listener action : beforeTestcase: Navigate to 'https://stackexchange.com/' successfully

2018-11-26 18:32:20 - [TEST_STEP][PASSED] - openBrowser: Browser is opened with url: ''

2018-11-26 18:32:28 - [MESSAGE][PASSED] - Browser is opened with url: ''

2018-11-26 18:32:28 - [TEST_STEP][PASSED] - maximizeWindow: Current window maximized

2018-11-26 18:32:31 - [MESSAGE][PASSED] - Current window maximized

2018-11-26 18:32:31 - [TEST_STEP][PASSED] - navigateToUrl: Navigate to 'https://stackexchange.com/' successfully

2018-11-26 18:32:35 - [MESSAGE][PASSED] - Navigate to 'https://stackexchange.com/' successfully

2018-11-26 18:32:36 - [TEST_STEP][PASSED] - callTestCase: Call Test Case 'Test Cases/Pages/01_Stack Exchage Homepage/The Homepage is loaded successfully' successfully

2018-11-26 18:32:36 - [TEST_CASE][PASSED] - Test Cases/Pages/01_Stack Exchage Homepage/The Homepage is loaded successfully: Test Cases/Pages/01_Stack Exchage Homepage/The Homepage is loaded successfully

2018-11-26 18:32:36 - [TEST_STEP][PASSED] - Statement - actual_pagetitle = com.kms.katalon.core.webui.keyword.WebUiBuiltInKeywords.getWindowTitle(): Current window's title is: 'Hot Questions - Stack Exchange'

2018-11-26 18:32:36 - [MESSAGE][PASSED] - Current window's title is: 'Hot Questions - Stack Exchange'

2018-11-26 18:32:36 - [TEST_STEP][PASSED] - verifyMatch: Actual text 'Hot Questions - Stack Exchange' and expected text 'Hot Questions - Stack Exchange' are matched 

2018-11-26 18:32:36 - [MESSAGE][PASSED] - Actual text 'Hot Questions - Stack Exchange' and expected text 'Hot Questions - Stack Exchange' are matched 

2018-11-26 18:32:36 - [TEST_STEP][PASSED] - verifyElementVisible: Object 'Object Repository/Test Objects/Pages/Page_Hot Questions - Stack Exchange/header_Stack Exchange' is visible

2018-11-26 18:32:36 - [MESSAGE][PASSED] - Object 'Object Repository/Test Objects/Pages/Page_Hot Questions - Stack Exchange/header_Stack Exchange' is visible

2018-11-26 18:32:36 - [TEST_STEP][PASSED] - verifyTextPresent: Text 'Tour' is present on page 

2018-11-26 18:32:40 - [MESSAGE][PASSED] - Text 'Tour' is present on page 

2018-11-26 18:32:40 - [TEST_STEP][PASSED] - verifyTextPresent: Text 'About Us' is present on page 

2018-11-26 18:32:44 - [MESSAGE][PASSED] - Text 'About Us' is present on page 

2018-11-26 18:32:44 - [TEST_STEP][PASSED] - verifyTextPresent: Text 'Meta' is present on page 

2018-11-26 18:32:48 - [MESSAGE][PASSED] - Text 'Meta' is present on page 

2018-11-26 18:32:48 - [TEST_STEP][PASSED] - verifyElementPresent: Object 'Object Repository/Test Objects/Pages/Page_Hot Questions - Stack Exchange/input_Meta_q' is present

2018-11-26 18:32:48 - [MESSAGE][PASSED] - Object 'Object Repository/Test Objects/Pages/Page_Hot Questions - Stack Exchange/input_Meta_q' is present

2018-11-26 18:32:48 - [TEST_STEP][PASSED] - verifyTextPresent: Text 'All Sites' is present on page 

2018-11-26 18:32:52 - [MESSAGE][PASSED] - Text 'All Sites' is present on page 

2018-11-26 18:32:52 - [TEST_STEP][PASSED] - verifyTextPresent: Text 'Top Users' is present on page 

2018-11-26 18:32:56 - [MESSAGE][PASSED] - Text 'Top Users' is present on page 

2018-11-26 18:32:56 - [TEST_STEP][PASSED] - verifyTextPresent: Text 'Newsletters' is present on page 

2018-11-26 18:33:00 - [MESSAGE][PASSED] - Text 'Newsletters' is present on page 

2018-11-26 18:33:00 - [TEST_STEP][PASSED] - verifyTextPresent: Text 'Log In' is present on page 

2018-11-26 18:33:03 - [MESSAGE][PASSED] - Text 'Log In' is present on page 

2018-11-26 18:33:03 - [TEST_STEP][PASSED] - verifyTextPresent: Text 'Stack Exchange' is present on page 

2018-11-26 18:33:07 - [MESSAGE][PASSED] - Text 'Stack Exchange' is present on page 

2018-11-26 18:33:07 - [TEST_STEP][PASSED] - takeScreenshot: Taking screenshot successfully

2018-11-26 18:33:07 - [MESSAGE][PASSED] - Taking screenshot successfully
[[ATTACHMENT|C:\\Users\\Ronnachai C\\Katalon Studio\\StackexchangeDemo\\Reports\\Login\\Login Test Suite\\20181126_182229\\1543231987775.png]]

2018-11-26 18:33:07 - [MESSAGE][PASSED] - Call Test Case 'Test Cases/Pages/01_Stack Exchage Homepage/The Homepage is loaded successfully' successfully

2018-11-26 18:33:07 - [TEST_STEP][PASSED] - callTestCase: Call Test Case 'Test Cases/Pages/01_Stack Exchage Homepage/To click the login link' successfully

2018-11-26 18:33:08 - [TEST_CASE][PASSED] - Test Cases/Pages/01_Stack Exchage Homepage/To click the login link: Test Cases/Pages/01_Stack Exchage Homepage/To click the login link

2018-11-26 18:33:08 - [TEST_STEP][PASSED] - waitForElementVisible: Object 'Object Repository/Test Objects/Pages/Page_Hot Questions - Stack Exchange/header_Stack Exchange' is visible

2018-11-26 18:33:08 - [MESSAGE][PASSED] - Object 'Object Repository/Test Objects/Pages/Page_Hot Questions - Stack Exchange/header_Stack Exchange' is visible

2018-11-26 18:33:08 - [TEST_STEP][PASSED] - click: Object: 'Object Repository/Test Objects/Pages/Page_Hot Questions - Stack Exchange/a_Log In' is clicked on

2018-11-26 18:33:10 - [MESSAGE][PASSED] - Object: 'Object Repository/Test Objects/Pages/Page_Hot Questions - Stack Exchange/a_Log In' is clicked on

2018-11-26 18:33:10 - [MESSAGE][PASSED] - Call Test Case 'Test Cases/Pages/01_Stack Exchage Homepage/To click the login link' successfully

2018-11-26 18:33:10 - [TEST_STEP][PASSED] - callTestCase: Call Test Case 'Test Cases/Pages/02_Log In Page/The Log In Page is loaded successfully' successfully

2018-11-26 18:33:10 - [TEST_CASE][PASSED] - Test Cases/Pages/02_Log In Page/The Log In Page is loaded successfully: Test Cases/Pages/02_Log In Page/The Log In Page is loaded successfully

2018-11-26 18:33:10 - [TEST_STEP][PASSED] - Statement - actual_pagetitle = com.kms.katalon.core.webui.keyword.WebUiBuiltInKeywords.getWindowTitle(): Current window's title is: 'Log In - Meta Stack Exchange'

2018-11-26 18:33:10 - [MESSAGE][PASSED] - Current window's title is: 'Log In - Meta Stack Exchange'

2018-11-26 18:33:10 - [TEST_STEP][PASSED] - verifyMatch: Actual text 'Log In - Meta Stack Exchange' and expected text 'Log In - Meta Stack Exchange' are matched 

2018-11-26 18:33:11 - [MESSAGE][PASSED] - Actual text 'Log In - Meta Stack Exchange' and expected text 'Log In - Meta Stack Exchange' are matched 

2018-11-26 18:33:11 - [TEST_STEP][PASSED] - verifyElementPresent: Object 'Object Repository/Test Objects/Pages/Page_Log In - Meta Stack Exchange/div_Log in to the  network of' is present

2018-11-26 18:33:11 - [MESSAGE][PASSED] - Object 'Object Repository/Test Objects/Pages/Page_Log In - Meta Stack Exchange/div_Log in to the  network of' is present

2018-11-26 18:33:11 - [TEST_STEP][PASSED] - verifyElementPresent: Object 'Object Repository/Test Objects/Pages/Page_Log In - Meta Stack Exchange/div_Google' is present

2018-11-26 18:33:11 - [MESSAGE][PASSED] - Object 'Object Repository/Test Objects/Pages/Page_Log In - Meta Stack Exchange/div_Google' is present

2018-11-26 18:33:11 - [TEST_STEP][PASSED] - verifyElementPresent: Object 'Object Repository/Test Objects/Pages/Page_Log In - Meta Stack Exchange/div_Facebook' is present

2018-11-26 18:33:11 - [MESSAGE][PASSED] - Object 'Object Repository/Test Objects/Pages/Page_Log In - Meta Stack Exchange/div_Facebook' is present

2018-11-26 18:33:11 - [TEST_STEP][PASSED] - verifyElementPresent: Object 'Object Repository/Test Objects/Pages/Page_Log In - Meta Stack Exchange/input_Email_email' is present

2018-11-26 18:33:11 - [MESSAGE][PASSED] - Object 'Object Repository/Test Objects/Pages/Page_Log In - Meta Stack Exchange/input_Email_email' is present

2018-11-26 18:33:11 - [TEST_STEP][PASSED] - verifyElementPresent: Object 'Object Repository/Test Objects/Pages/Page_Log In - Meta Stack Exchange/input_Password_password' is present

2018-11-26 18:33:11 - [MESSAGE][PASSED] - Object 'Object Repository/Test Objects/Pages/Page_Log In - Meta Stack Exchange/input_Password_password' is present

2018-11-26 18:33:11 - [TEST_STEP][PASSED] - verifyTextPresent: Text 'forgot?' is present on page 

2018-11-26 18:33:11 - [MESSAGE][PASSED] - Text 'forgot?' is present on page 

2018-11-26 18:33:11 - [TEST_STEP][PASSED] - takeScreenshot: Taking screenshot successfully

2018-11-26 18:33:11 - [MESSAGE][PASSED] - Taking screenshot successfully
[[ATTACHMENT|C:\\Users\\Ronnachai C\\Katalon Studio\\StackexchangeDemo\\Reports\\Login\\Login Test Suite\\20181126_182229\\1543231991400.png]]

2018-11-26 18:33:11 - [MESSAGE][PASSED] - Call Test Case 'Test Cases/Pages/02_Log In Page/The Log In Page is loaded successfully' successfully

2018-11-26 18:33:11 - [TEST_STEP][PASSED] - setText: Text 'charnjaroen' is set on object 'Object Repository/Test Objects/Pages/Page_Log In - Meta Stack Exchange/input_Email_email'

2018-11-26 18:33:11 - [MESSAGE][PASSED] - Text 'charnjaroen' is set on object 'Object Repository/Test Objects/Pages/Page_Log In - Meta Stack Exchange/input_Email_email'

2018-11-26 18:33:11 - [TEST_STEP][PASSED] - setEncryptedText: Text ****** has been set on object 'Object Repository/Test Objects/Pages/Page_Log In - Meta Stack Exchange/input_Password_password'

2018-11-26 18:33:11 - [MESSAGE][PASSED] - Text ****** has been set on object 'Object Repository/Test Objects/Pages/Page_Log In - Meta Stack Exchange/input_Password_password'

2018-11-26 18:33:11 - [TEST_STEP][PASSED] - click: Object: 'Object Repository/Test Objects/Pages/Page_Log In - Meta Stack Exchange/button_Log in' is clicked on

2018-11-26 18:33:12 - [MESSAGE][PASSED] - Object: 'Object Repository/Test Objects/Pages/Page_Log In - Meta Stack Exchange/button_Log in' is clicked on

2018-11-26 18:33:12 - [TEST_STEP][PASSED] - verifyElementPresent: Object 'Object Repository/Test Objects/Pages/Page_Log In - Meta Stack Exchange/Data Validation/div_The email is not a valid e' is present

2018-11-26 18:33:13 - [MESSAGE][PASSED] - Object 'Object Repository/Test Objects/Pages/Page_Log In - Meta Stack Exchange/Data Validation/div_The email is not a valid e' is present

2018-11-26 18:33:13 - [TEST_STEP][PASSED] - takeScreenshot: Taking screenshot successfully

2018-11-26 18:33:13 - [MESSAGE][PASSED] - Taking screenshot successfully
[[ATTACHMENT|C:\\Users\\Ronnachai C\\Katalon Studio\\StackexchangeDemo\\Reports\\Login\\Login Test Suite\\20181126_182229\\1543231993403.png]]

2018-11-26 18:33:13 - [TEST_STEP][PASSED] - Start listener action : afterTestcase: Browser is closed

2018-11-26 18:33:13 - [TEST_STEP][PASSED] - closeBrowser: Browser is closed

2018-11-26 18:33:16 - [MESSAGE][PASSED] - Browser is closed]]></system-out>
         <system-err><![CDATA[]]></system-err>
      </testcase>
      <testcase name="Test Cases/Tests/Log In/TC-SIN-005 Check for invalid password" classname="Test Cases/Tests/Log In/TC-SIN-005 Check for invalid password" status="PASSED">
         <system-out><![CDATA[2018-11-26 18:33:18 - [TEST_CASE][PASSED] - Test Cases/Tests/Log In/TC-SIN-005 Check for invalid password: Test Cases/Tests/Log In/TC-SIN-005 Check for invalid password

2018-11-26 18:33:18 - [TEST_STEP][PASSED] - Start listener action : beforeTestcase: Navigate to 'https://stackexchange.com/' successfully

2018-11-26 18:33:18 - [TEST_STEP][PASSED] - openBrowser: Browser is opened with url: ''

2018-11-26 18:33:26 - [MESSAGE][PASSED] - Browser is opened with url: ''

2018-11-26 18:33:26 - [TEST_STEP][PASSED] - maximizeWindow: Current window maximized

2018-11-26 18:33:29 - [MESSAGE][PASSED] - Current window maximized

2018-11-26 18:33:29 - [TEST_STEP][PASSED] - navigateToUrl: Navigate to 'https://stackexchange.com/' successfully

2018-11-26 18:33:33 - [MESSAGE][PASSED] - Navigate to 'https://stackexchange.com/' successfully

2018-11-26 18:33:34 - [TEST_STEP][PASSED] - callTestCase: Call Test Case 'Test Cases/Pages/01_Stack Exchage Homepage/The Homepage is loaded successfully' successfully

2018-11-26 18:33:34 - [TEST_CASE][PASSED] - Test Cases/Pages/01_Stack Exchage Homepage/The Homepage is loaded successfully: Test Cases/Pages/01_Stack Exchage Homepage/The Homepage is loaded successfully

2018-11-26 18:33:34 - [TEST_STEP][PASSED] - Statement - actual_pagetitle = com.kms.katalon.core.webui.keyword.WebUiBuiltInKeywords.getWindowTitle(): Current window's title is: 'Hot Questions - Stack Exchange'

2018-11-26 18:33:34 - [MESSAGE][PASSED] - Current window's title is: 'Hot Questions - Stack Exchange'

2018-11-26 18:33:34 - [TEST_STEP][PASSED] - verifyMatch: Actual text 'Hot Questions - Stack Exchange' and expected text 'Hot Questions - Stack Exchange' are matched 

2018-11-26 18:33:34 - [MESSAGE][PASSED] - Actual text 'Hot Questions - Stack Exchange' and expected text 'Hot Questions - Stack Exchange' are matched 

2018-11-26 18:33:34 - [TEST_STEP][PASSED] - verifyElementVisible: Object 'Object Repository/Test Objects/Pages/Page_Hot Questions - Stack Exchange/header_Stack Exchange' is visible

2018-11-26 18:33:34 - [MESSAGE][PASSED] - Object 'Object Repository/Test Objects/Pages/Page_Hot Questions - Stack Exchange/header_Stack Exchange' is visible

2018-11-26 18:33:34 - [TEST_STEP][PASSED] - verifyTextPresent: Text 'Tour' is present on page 

2018-11-26 18:33:38 - [MESSAGE][PASSED] - Text 'Tour' is present on page 

2018-11-26 18:33:38 - [TEST_STEP][PASSED] - verifyTextPresent: Text 'About Us' is present on page 

2018-11-26 18:33:42 - [MESSAGE][PASSED] - Text 'About Us' is present on page 

2018-11-26 18:33:42 - [TEST_STEP][PASSED] - verifyTextPresent: Text 'Meta' is present on page 

2018-11-26 18:33:46 - [MESSAGE][PASSED] - Text 'Meta' is present on page 

2018-11-26 18:33:46 - [TEST_STEP][PASSED] - verifyElementPresent: Object 'Object Repository/Test Objects/Pages/Page_Hot Questions - Stack Exchange/input_Meta_q' is present

2018-11-26 18:33:46 - [MESSAGE][PASSED] - Object 'Object Repository/Test Objects/Pages/Page_Hot Questions - Stack Exchange/input_Meta_q' is present

2018-11-26 18:33:46 - [TEST_STEP][PASSED] - verifyTextPresent: Text 'All Sites' is present on page 

2018-11-26 18:33:50 - [MESSAGE][PASSED] - Text 'All Sites' is present on page 

2018-11-26 18:33:50 - [TEST_STEP][PASSED] - verifyTextPresent: Text 'Top Users' is present on page 

2018-11-26 18:33:54 - [MESSAGE][PASSED] - Text 'Top Users' is present on page 

2018-11-26 18:33:54 - [TEST_STEP][PASSED] - verifyTextPresent: Text 'Newsletters' is present on page 

2018-11-26 18:33:58 - [MESSAGE][PASSED] - Text 'Newsletters' is present on page 

2018-11-26 18:33:58 - [TEST_STEP][PASSED] - verifyTextPresent: Text 'Log In' is present on page 

2018-11-26 18:34:02 - [MESSAGE][PASSED] - Text 'Log In' is present on page 

2018-11-26 18:34:02 - [TEST_STEP][PASSED] - verifyTextPresent: Text 'Stack Exchange' is present on page 

2018-11-26 18:34:06 - [MESSAGE][PASSED] - Text 'Stack Exchange' is present on page 

2018-11-26 18:34:06 - [TEST_STEP][PASSED] - takeScreenshot: Taking screenshot successfully

2018-11-26 18:34:06 - [MESSAGE][PASSED] - Taking screenshot successfully
[[ATTACHMENT|C:\\Users\\Ronnachai C\\Katalon Studio\\StackexchangeDemo\\Reports\\Login\\Login Test Suite\\20181126_182229\\1543232046217.png]]

2018-11-26 18:34:06 - [MESSAGE][PASSED] - Call Test Case 'Test Cases/Pages/01_Stack Exchage Homepage/The Homepage is loaded successfully' successfully

2018-11-26 18:34:06 - [TEST_STEP][PASSED] - callTestCase: Call Test Case 'Test Cases/Pages/01_Stack Exchage Homepage/To click the login link' successfully

2018-11-26 18:34:06 - [TEST_CASE][PASSED] - Test Cases/Pages/01_Stack Exchage Homepage/To click the login link: Test Cases/Pages/01_Stack Exchage Homepage/To click the login link

2018-11-26 18:34:06 - [TEST_STEP][PASSED] - waitForElementVisible: Object 'Object Repository/Test Objects/Pages/Page_Hot Questions - Stack Exchange/header_Stack Exchange' is visible

2018-11-26 18:34:06 - [MESSAGE][PASSED] - Object 'Object Repository/Test Objects/Pages/Page_Hot Questions - Stack Exchange/header_Stack Exchange' is visible

2018-11-26 18:34:06 - [TEST_STEP][PASSED] - click: Object: 'Object Repository/Test Objects/Pages/Page_Hot Questions - Stack Exchange/a_Log In' is clicked on

2018-11-26 18:34:09 - [MESSAGE][PASSED] - Object: 'Object Repository/Test Objects/Pages/Page_Hot Questions - Stack Exchange/a_Log In' is clicked on

2018-11-26 18:34:09 - [MESSAGE][PASSED] - Call Test Case 'Test Cases/Pages/01_Stack Exchage Homepage/To click the login link' successfully

2018-11-26 18:34:09 - [TEST_STEP][PASSED] - callTestCase: Call Test Case 'Test Cases/Pages/02_Log In Page/The Log In Page is loaded successfully' successfully

2018-11-26 18:34:09 - [TEST_CASE][PASSED] - Test Cases/Pages/02_Log In Page/The Log In Page is loaded successfully: Test Cases/Pages/02_Log In Page/The Log In Page is loaded successfully

2018-11-26 18:34:09 - [TEST_STEP][PASSED] - Statement - actual_pagetitle = com.kms.katalon.core.webui.keyword.WebUiBuiltInKeywords.getWindowTitle(): Current window's title is: 'Log In - Meta Stack Exchange'

2018-11-26 18:34:09 - [MESSAGE][PASSED] - Current window's title is: 'Log In - Meta Stack Exchange'

2018-11-26 18:34:09 - [TEST_STEP][PASSED] - verifyMatch: Actual text 'Log In - Meta Stack Exchange' and expected text 'Log In - Meta Stack Exchange' are matched 

2018-11-26 18:34:09 - [MESSAGE][PASSED] - Actual text 'Log In - Meta Stack Exchange' and expected text 'Log In - Meta Stack Exchange' are matched 

2018-11-26 18:34:09 - [TEST_STEP][PASSED] - verifyElementPresent: Object 'Object Repository/Test Objects/Pages/Page_Log In - Meta Stack Exchange/div_Log in to the  network of' is present

2018-11-26 18:34:09 - [MESSAGE][PASSED] - Object 'Object Repository/Test Objects/Pages/Page_Log In - Meta Stack Exchange/div_Log in to the  network of' is present

2018-11-26 18:34:09 - [TEST_STEP][PASSED] - verifyElementPresent: Object 'Object Repository/Test Objects/Pages/Page_Log In - Meta Stack Exchange/div_Google' is present

2018-11-26 18:34:09 - [MESSAGE][PASSED] - Object 'Object Repository/Test Objects/Pages/Page_Log In - Meta Stack Exchange/div_Google' is present

2018-11-26 18:34:09 - [TEST_STEP][PASSED] - verifyElementPresent: Object 'Object Repository/Test Objects/Pages/Page_Log In - Meta Stack Exchange/div_Facebook' is present

2018-11-26 18:34:09 - [MESSAGE][PASSED] - Object 'Object Repository/Test Objects/Pages/Page_Log In - Meta Stack Exchange/div_Facebook' is present

2018-11-26 18:34:09 - [TEST_STEP][PASSED] - verifyElementPresent: Object 'Object Repository/Test Objects/Pages/Page_Log In - Meta Stack Exchange/input_Email_email' is present

2018-11-26 18:34:09 - [MESSAGE][PASSED] - Object 'Object Repository/Test Objects/Pages/Page_Log In - Meta Stack Exchange/input_Email_email' is present

2018-11-26 18:34:09 - [TEST_STEP][PASSED] - verifyElementPresent: Object 'Object Repository/Test Objects/Pages/Page_Log In - Meta Stack Exchange/input_Password_password' is present

2018-11-26 18:34:09 - [MESSAGE][PASSED] - Object 'Object Repository/Test Objects/Pages/Page_Log In - Meta Stack Exchange/input_Password_password' is present

2018-11-26 18:34:09 - [TEST_STEP][PASSED] - verifyTextPresent: Text 'forgot?' is present on page 

2018-11-26 18:34:10 - [MESSAGE][PASSED] - Text 'forgot?' is present on page 

2018-11-26 18:34:10 - [TEST_STEP][PASSED] - takeScreenshot: Taking screenshot successfully

2018-11-26 18:34:10 - [MESSAGE][PASSED] - Taking screenshot successfully
[[ATTACHMENT|C:\\Users\\Ronnachai C\\Katalon Studio\\StackexchangeDemo\\Reports\\Login\\Login Test Suite\\20181126_182229\\1543232050077.png]]

2018-11-26 18:34:10 - [MESSAGE][PASSED] - Call Test Case 'Test Cases/Pages/02_Log In Page/The Log In Page is loaded successfully' successfully

2018-11-26 18:34:10 - [TEST_STEP][PASSED] - setText: Text 'charnjaroen@gmail.com' is set on object 'Object Repository/Test Objects/Pages/Page_Log In - Meta Stack Exchange/input_Email_email'

2018-11-26 18:34:10 - [MESSAGE][PASSED] - Text 'charnjaroen@gmail.com' is set on object 'Object Repository/Test Objects/Pages/Page_Log In - Meta Stack Exchange/input_Email_email'

2018-11-26 18:34:10 - [TEST_STEP][PASSED] - setEncryptedText: Text ****** has been set on object 'Object Repository/Test Objects/Pages/Page_Log In - Meta Stack Exchange/input_Password_password'

2018-11-26 18:34:10 - [MESSAGE][PASSED] - Text ****** has been set on object 'Object Repository/Test Objects/Pages/Page_Log In - Meta Stack Exchange/input_Password_password'

2018-11-26 18:34:10 - [TEST_STEP][PASSED] - click: Object: 'Object Repository/Test Objects/Pages/Page_Log In - Meta Stack Exchange/button_Log in' is clicked on

2018-11-26 18:34:10 - [MESSAGE][PASSED] - Object: 'Object Repository/Test Objects/Pages/Page_Log In - Meta Stack Exchange/button_Log in' is clicked on

2018-11-26 18:34:10 - [TEST_STEP][PASSED] - verifyElementPresent: Object 'Object Repository/Test Objects/Pages/Page_Log In - Meta Stack Exchange/Data Validation/div_The email or password is i' is present

2018-11-26 18:34:12 - [MESSAGE][PASSED] - Object 'Object Repository/Test Objects/Pages/Page_Log In - Meta Stack Exchange/Data Validation/div_The email or password is i' is present

2018-11-26 18:34:12 - [TEST_STEP][PASSED] - takeScreenshot: Taking screenshot successfully

2018-11-26 18:34:12 - [MESSAGE][PASSED] - Taking screenshot successfully
[[ATTACHMENT|C:\\Users\\Ronnachai C\\Katalon Studio\\StackexchangeDemo\\Reports\\Login\\Login Test Suite\\20181126_182229\\1543232052207.png]]

2018-11-26 18:34:12 - [TEST_STEP][PASSED] - Start listener action : afterTestcase: Browser is closed

2018-11-26 18:34:12 - [TEST_STEP][PASSED] - closeBrowser: Browser is closed

2018-11-26 18:34:15 - [MESSAGE][PASSED] - Browser is closed]]></system-out>
         <system-err><![CDATA[]]></system-err>
      </testcase>
      <testcase name="Test Cases/Tests/Log In/TC-SIN-006 Check for valid username and password via stackexchange" classname="Test Cases/Tests/Log In/TC-SIN-006 Check for valid username and password via stackexchange" status="PASSED">
         <system-out><![CDATA[2018-11-26 18:34:17 - [TEST_CASE][PASSED] - Test Cases/Tests/Log In/TC-SIN-006 Check for valid username and password via stackexchange: Test Cases/Tests/Log In/TC-SIN-006 Check for valid username and password via stackexchange

2018-11-26 18:34:17 - [TEST_STEP][PASSED] - Start listener action : beforeTestcase: Navigate to 'https://stackexchange.com/' successfully

2018-11-26 18:34:17 - [TEST_STEP][PASSED] - openBrowser: Browser is opened with url: ''

2018-11-26 18:34:26 - [MESSAGE][PASSED] - Browser is opened with url: ''

2018-11-26 18:34:26 - [TEST_STEP][PASSED] - maximizeWindow: Current window maximized

2018-11-26 18:34:29 - [MESSAGE][PASSED] - Current window maximized

2018-11-26 18:34:29 - [TEST_STEP][PASSED] - navigateToUrl: Navigate to 'https://stackexchange.com/' successfully

2018-11-26 18:34:34 - [MESSAGE][PASSED] - Navigate to 'https://stackexchange.com/' successfully

2018-11-26 18:34:35 - [TEST_STEP][PASSED] - callTestCase: Call Test Case 'Test Cases/Pages/01_Stack Exchage Homepage/The Homepage is loaded successfully' successfully

2018-11-26 18:34:35 - [TEST_CASE][PASSED] - Test Cases/Pages/01_Stack Exchage Homepage/The Homepage is loaded successfully: Test Cases/Pages/01_Stack Exchage Homepage/The Homepage is loaded successfully

2018-11-26 18:34:35 - [TEST_STEP][PASSED] - Statement - actual_pagetitle = com.kms.katalon.core.webui.keyword.WebUiBuiltInKeywords.getWindowTitle(): Current window's title is: 'Hot Questions - Stack Exchange'

2018-11-26 18:34:35 - [MESSAGE][PASSED] - Current window's title is: 'Hot Questions - Stack Exchange'

2018-11-26 18:34:35 - [TEST_STEP][PASSED] - verifyMatch: Actual text 'Hot Questions - Stack Exchange' and expected text 'Hot Questions - Stack Exchange' are matched 

2018-11-26 18:34:35 - [MESSAGE][PASSED] - Actual text 'Hot Questions - Stack Exchange' and expected text 'Hot Questions - Stack Exchange' are matched 

2018-11-26 18:34:35 - [TEST_STEP][PASSED] - verifyElementVisible: Object 'Object Repository/Test Objects/Pages/Page_Hot Questions - Stack Exchange/header_Stack Exchange' is visible

2018-11-26 18:34:35 - [MESSAGE][PASSED] - Object 'Object Repository/Test Objects/Pages/Page_Hot Questions - Stack Exchange/header_Stack Exchange' is visible

2018-11-26 18:34:35 - [TEST_STEP][PASSED] - verifyTextPresent: Text 'Tour' is present on page 

2018-11-26 18:34:41 - [MESSAGE][PASSED] - Text 'Tour' is present on page 

2018-11-26 18:34:41 - [TEST_STEP][PASSED] - verifyTextPresent: Text 'About Us' is present on page 

2018-11-26 18:34:45 - [MESSAGE][PASSED] - Text 'About Us' is present on page 

2018-11-26 18:34:45 - [TEST_STEP][PASSED] - verifyTextPresent: Text 'Meta' is present on page 

2018-11-26 18:34:49 - [MESSAGE][PASSED] - Text 'Meta' is present on page 

2018-11-26 18:34:49 - [TEST_STEP][PASSED] - verifyElementPresent: Object 'Object Repository/Test Objects/Pages/Page_Hot Questions - Stack Exchange/input_Meta_q' is present

2018-11-26 18:34:49 - [MESSAGE][PASSED] - Object 'Object Repository/Test Objects/Pages/Page_Hot Questions - Stack Exchange/input_Meta_q' is present

2018-11-26 18:34:49 - [TEST_STEP][PASSED] - verifyTextPresent: Text 'All Sites' is present on page 

2018-11-26 18:34:53 - [MESSAGE][PASSED] - Text 'All Sites' is present on page 

2018-11-26 18:34:53 - [TEST_STEP][PASSED] - verifyTextPresent: Text 'Top Users' is present on page 

2018-11-26 18:34:56 - [MESSAGE][PASSED] - Text 'Top Users' is present on page 

2018-11-26 18:34:56 - [TEST_STEP][PASSED] - verifyTextPresent: Text 'Newsletters' is present on page 

2018-11-26 18:35:00 - [MESSAGE][PASSED] - Text 'Newsletters' is present on page 

2018-11-26 18:35:00 - [TEST_STEP][PASSED] - verifyTextPresent: Text 'Log In' is present on page 

2018-11-26 18:35:04 - [MESSAGE][PASSED] - Text 'Log In' is present on page 

2018-11-26 18:35:04 - [TEST_STEP][PASSED] - verifyTextPresent: Text 'Stack Exchange' is present on page 

2018-11-26 18:35:08 - [MESSAGE][PASSED] - Text 'Stack Exchange' is present on page 

2018-11-26 18:35:08 - [TEST_STEP][PASSED] - takeScreenshot: Taking screenshot successfully

2018-11-26 18:35:09 - [MESSAGE][PASSED] - Taking screenshot successfully
[[ATTACHMENT|C:\\Users\\Ronnachai C\\Katalon Studio\\StackexchangeDemo\\Reports\\Login\\Login Test Suite\\20181126_182229\\1543232108878.png]]

2018-11-26 18:35:09 - [MESSAGE][PASSED] - Call Test Case 'Test Cases/Pages/01_Stack Exchage Homepage/The Homepage is loaded successfully' successfully

2018-11-26 18:35:09 - [TEST_STEP][PASSED] - callTestCase: Call Test Case 'Test Cases/Pages/01_Stack Exchage Homepage/To click the login link' successfully

2018-11-26 18:35:09 - [TEST_CASE][PASSED] - Test Cases/Pages/01_Stack Exchage Homepage/To click the login link: Test Cases/Pages/01_Stack Exchage Homepage/To click the login link

2018-11-26 18:35:09 - [TEST_STEP][PASSED] - waitForElementVisible: Object 'Object Repository/Test Objects/Pages/Page_Hot Questions - Stack Exchange/header_Stack Exchange' is visible

2018-11-26 18:35:09 - [MESSAGE][PASSED] - Object 'Object Repository/Test Objects/Pages/Page_Hot Questions - Stack Exchange/header_Stack Exchange' is visible

2018-11-26 18:35:09 - [TEST_STEP][PASSED] - click: Object: 'Object Repository/Test Objects/Pages/Page_Hot Questions - Stack Exchange/a_Log In' is clicked on

2018-11-26 18:35:11 - [MESSAGE][PASSED] - Object: 'Object Repository/Test Objects/Pages/Page_Hot Questions - Stack Exchange/a_Log In' is clicked on

2018-11-26 18:35:11 - [MESSAGE][PASSED] - Call Test Case 'Test Cases/Pages/01_Stack Exchage Homepage/To click the login link' successfully

2018-11-26 18:35:11 - [TEST_STEP][PASSED] - callTestCase: Call Test Case 'Test Cases/Pages/02_Log In Page/The Log In Page is loaded successfully' successfully

2018-11-26 18:35:11 - [TEST_CASE][PASSED] - Test Cases/Pages/02_Log In Page/The Log In Page is loaded successfully: Test Cases/Pages/02_Log In Page/The Log In Page is loaded successfully

2018-11-26 18:35:11 - [TEST_STEP][PASSED] - Statement - actual_pagetitle = com.kms.katalon.core.webui.keyword.WebUiBuiltInKeywords.getWindowTitle(): Current window's title is: 'Log In - Meta Stack Exchange'

2018-11-26 18:35:11 - [MESSAGE][PASSED] - Current window's title is: 'Log In - Meta Stack Exchange'

2018-11-26 18:35:11 - [TEST_STEP][PASSED] - verifyMatch: Actual text 'Log In - Meta Stack Exchange' and expected text 'Log In - Meta Stack Exchange' are matched 

2018-11-26 18:35:11 - [MESSAGE][PASSED] - Actual text 'Log In - Meta Stack Exchange' and expected text 'Log In - Meta Stack Exchange' are matched 

2018-11-26 18:35:11 - [TEST_STEP][PASSED] - verifyElementPresent: Object 'Object Repository/Test Objects/Pages/Page_Log In - Meta Stack Exchange/div_Log in to the  network of' is present

2018-11-26 18:35:11 - [MESSAGE][PASSED] - Object 'Object Repository/Test Objects/Pages/Page_Log In - Meta Stack Exchange/div_Log in to the  network of' is present

2018-11-26 18:35:11 - [TEST_STEP][PASSED] - verifyElementPresent: Object 'Object Repository/Test Objects/Pages/Page_Log In - Meta Stack Exchange/div_Google' is present

2018-11-26 18:35:11 - [MESSAGE][PASSED] - Object 'Object Repository/Test Objects/Pages/Page_Log In - Meta Stack Exchange/div_Google' is present

2018-11-26 18:35:11 - [TEST_STEP][PASSED] - verifyElementPresent: Object 'Object Repository/Test Objects/Pages/Page_Log In - Meta Stack Exchange/div_Facebook' is present

2018-11-26 18:35:11 - [MESSAGE][PASSED] - Object 'Object Repository/Test Objects/Pages/Page_Log In - Meta Stack Exchange/div_Facebook' is present

2018-11-26 18:35:11 - [TEST_STEP][PASSED] - verifyElementPresent: Object 'Object Repository/Test Objects/Pages/Page_Log In - Meta Stack Exchange/input_Email_email' is present

2018-11-26 18:35:11 - [MESSAGE][PASSED] - Object 'Object Repository/Test Objects/Pages/Page_Log In - Meta Stack Exchange/input_Email_email' is present

2018-11-26 18:35:11 - [TEST_STEP][PASSED] - verifyElementPresent: Object 'Object Repository/Test Objects/Pages/Page_Log In - Meta Stack Exchange/input_Password_password' is present

2018-11-26 18:35:11 - [MESSAGE][PASSED] - Object 'Object Repository/Test Objects/Pages/Page_Log In - Meta Stack Exchange/input_Password_password' is present

2018-11-26 18:35:11 - [TEST_STEP][PASSED] - verifyTextPresent: Text 'forgot?' is present on page 

2018-11-26 18:35:12 - [MESSAGE][PASSED] - Text 'forgot?' is present on page 

2018-11-26 18:35:12 - [TEST_STEP][PASSED] - takeScreenshot: Taking screenshot successfully

2018-11-26 18:35:12 - [MESSAGE][PASSED] - Taking screenshot successfully
[[ATTACHMENT|C:\\Users\\Ronnachai C\\Katalon Studio\\StackexchangeDemo\\Reports\\Login\\Login Test Suite\\20181126_182229\\1543232112190.png]]

2018-11-26 18:35:12 - [MESSAGE][PASSED] - Call Test Case 'Test Cases/Pages/02_Log In Page/The Log In Page is loaded successfully' successfully

2018-11-26 18:35:12 - [TEST_STEP][PASSED] - setText: Text 'mr.ronnachai.c@gmail.com' is set on object 'Object Repository/Test Objects/Pages/Page_Log In - Meta Stack Exchange/input_Email_email'

2018-11-26 18:35:12 - [MESSAGE][PASSED] - Text 'mr.ronnachai.c@gmail.com' is set on object 'Object Repository/Test Objects/Pages/Page_Log In - Meta Stack Exchange/input_Email_email'

2018-11-26 18:35:12 - [TEST_STEP][PASSED] - setEncryptedText: Text ****** has been set on object 'Object Repository/Test Objects/Pages/Page_Log In - Meta Stack Exchange/input_Password_password'

2018-11-26 18:35:13 - [MESSAGE][PASSED] - Text ****** has been set on object 'Object Repository/Test Objects/Pages/Page_Log In - Meta Stack Exchange/input_Password_password'

2018-11-26 18:35:13 - [TEST_STEP][PASSED] - click: Object: 'Object Repository/Test Objects/Pages/Page_Log In - Meta Stack Exchange/button_Log in' is clicked on

2018-11-26 18:35:13 - [MESSAGE][PASSED] - Object: 'Object Repository/Test Objects/Pages/Page_Log In - Meta Stack Exchange/button_Log in' is clicked on

2018-11-26 18:35:13 - [TEST_STEP][PASSED] - delay: Delayed 10 second(s)

2018-11-26 18:35:23 - [MESSAGE][PASSED] - Delayed 10 second(s)

2018-11-26 18:35:23 - [TEST_STEP][PASSED] - callTestCase: Call Test Case 'Test Cases/Pages/03_Dashboard Page/The Dashboard Page is loaded successfully' successfully

2018-11-26 18:35:23 - [TEST_CASE][PASSED] - Test Cases/Pages/03_Dashboard Page/The Dashboard Page is loaded successfully: Test Cases/Pages/03_Dashboard Page/The Dashboard Page is loaded successfully

2018-11-26 18:35:24 - [TEST_STEP][PASSED] - waitForElementVisible: Object 'Object Repository/Test Objects/Pages/Page_Login Success - Stack Exchange/header_Stack Exchange' is visible

2018-11-26 18:35:24 - [MESSAGE][PASSED] - Object 'Object Repository/Test Objects/Pages/Page_Login Success - Stack Exchange/header_Stack Exchange' is visible

2018-11-26 18:35:24 - [TEST_STEP][PASSED] - verifyTextPresent: Text 'Tour' is present on page 

2018-11-26 18:35:28 - [MESSAGE][PASSED] - Text 'Tour' is present on page 

2018-11-26 18:35:28 - [TEST_STEP][PASSED] - verifyTextPresent: Text 'About Us' is present on page 

2018-11-26 18:35:31 - [MESSAGE][PASSED] - Text 'About Us' is present on page 

2018-11-26 18:35:31 - [TEST_STEP][PASSED] - verifyTextPresent: Text 'Meta' is present on page 

2018-11-26 18:35:35 - [MESSAGE][PASSED] - Text 'Meta' is present on page 

2018-11-26 18:35:35 - [TEST_STEP][PASSED] - verifyElementVisible: Object 'Object Repository/Test Objects/Pages/Page_Login Success - Stack Exchange/a_Meta_my-profile js-gps-track' is visible

2018-11-26 18:35:35 - [MESSAGE][PASSED] - Object 'Object Repository/Test Objects/Pages/Page_Login Success - Stack Exchange/a_Meta_my-profile js-gps-track' is visible

2018-11-26 18:35:35 - [TEST_STEP][PASSED] - verifyElementVisible: Object 'Object Repository/Test Objects/Pages/Page_Login Success - Stack Exchange/a_Meta_-link js-inbox-button' is visible

2018-11-26 18:35:35 - [MESSAGE][PASSED] - Object 'Object Repository/Test Objects/Pages/Page_Login Success - Stack Exchange/a_Meta_-link js-inbox-button' is visible

2018-11-26 18:35:35 - [TEST_STEP][PASSED] - verifyElementVisible: Object 'Object Repository/Test Objects/Pages/Page_Login Success - Stack Exchange/a_Meta_-link js-achievements-b' is visible

2018-11-26 18:35:35 - [MESSAGE][PASSED] - Object 'Object Repository/Test Objects/Pages/Page_Login Success - Stack Exchange/a_Meta_-link js-achievements-b' is visible

2018-11-26 18:35:35 - [TEST_STEP][PASSED] - verifyElementVisible: Object 'Object Repository/Test Objects/Pages/Page_Login Success - Stack Exchange/a_Meta_-link js-site-switcher-' is visible

2018-11-26 18:35:36 - [MESSAGE][PASSED] - Object 'Object Repository/Test Objects/Pages/Page_Login Success - Stack Exchange/a_Meta_-link js-site-switcher-' is visible

2018-11-26 18:35:36 - [TEST_STEP][PASSED] - takeScreenshot: Taking screenshot successfully

2018-11-26 18:35:36 - [MESSAGE][PASSED] - Taking screenshot successfully
[[ATTACHMENT|C:\\Users\\Ronnachai C\\Katalon Studio\\StackexchangeDemo\\Reports\\Login\\Login Test Suite\\20181126_182229\\1543232136125.png]]

2018-11-26 18:35:36 - [MESSAGE][PASSED] - Call Test Case 'Test Cases/Pages/03_Dashboard Page/The Dashboard Page is loaded successfully' successfully

2018-11-26 18:35:36 - [TEST_STEP][NOT_RUN] - callTestCase: NOT_RUN: callTestCase

2018-11-26 18:35:36 - [MESSAGE][NOT_RUN] - NOT_RUN: callTestCase

2018-11-26 18:35:36 - [TEST_STEP][PASSED] - callTestCase: Call Test Case 'Test Cases/Pages/03_Dashboard Page/To click the logout link' successfully

2018-11-26 18:35:36 - [TEST_CASE][PASSED] - Test Cases/Pages/03_Dashboard Page/To click the logout link: Test Cases/Pages/03_Dashboard Page/To click the logout link

2018-11-26 18:35:36 - [TEST_STEP][PASSED] - waitForElementVisible: Object 'Object Repository/Test Objects/Pages/Page_Login Success - Stack Exchange/header_Stack Exchange' is visible

2018-11-26 18:35:37 - [MESSAGE][PASSED] - Object 'Object Repository/Test Objects/Pages/Page_Login Success - Stack Exchange/header_Stack Exchange' is visible

2018-11-26 18:35:37 - [TEST_STEP][PASSED] - click: Object: 'Object Repository/Test Objects/Pages/Page_Login Success - Stack Exchange/a_Meta_-link js-site-switcher-' is clicked on

2018-11-26 18:35:37 - [MESSAGE][PASSED] - Object: 'Object Repository/Test Objects/Pages/Page_Login Success - Stack Exchange/a_Meta_-link js-site-switcher-' is clicked on

2018-11-26 18:35:37 - [TEST_STEP][PASSED] - delay: Delayed 5 second(s)

2018-11-26 18:35:42 - [MESSAGE][PASSED] - Delayed 5 second(s)

2018-11-26 18:35:42 - [TEST_STEP][PASSED] - click: Object: 'Object Repository/Test Objects/Pages/Page_Log Out/a_log out' is clicked on

2018-11-26 18:35:43 - [MESSAGE][PASSED] - Object: 'Object Repository/Test Objects/Pages/Page_Log Out/a_log out' is clicked on

2018-11-26 18:35:43 - [TEST_STEP][PASSED] - click: Object: 'Object Repository/Test Objects/Pages/Page_Log Out/input_superuser.com_everywhere' is clicked on

2018-11-26 18:35:43 - [MESSAGE][PASSED] - Object: 'Object Repository/Test Objects/Pages/Page_Log Out/input_superuser.com_everywhere' is clicked on

2018-11-26 18:35:43 - [TEST_STEP][PASSED] - click: Object: 'Object Repository/Test Objects/Pages/Page_Log Out/input_cancel_fr' is clicked on

2018-11-26 18:35:45 - [MESSAGE][PASSED] - Object: 'Object Repository/Test Objects/Pages/Page_Log Out/input_cancel_fr' is clicked on

2018-11-26 18:35:45 - [TEST_STEP][PASSED] - delay: Delayed 5 second(s)

2018-11-26 18:35:50 - [MESSAGE][PASSED] - Delayed 5 second(s)

2018-11-26 18:35:50 - [MESSAGE][PASSED] - Call Test Case 'Test Cases/Pages/03_Dashboard Page/To click the logout link' successfully

2018-11-26 18:35:50 - [TEST_STEP][PASSED] - Start listener action : afterTestcase: Browser is closed

2018-11-26 18:35:50 - [TEST_STEP][PASSED] - closeBrowser: Browser is closed

2018-11-26 18:35:53 - [MESSAGE][PASSED] - Browser is closed]]></system-out>
         <system-err><![CDATA[]]></system-err>
      </testcase>
      <system-out><![CDATA[2018-11-26 18:29:18 - [TEST_SUITE][PASSED] - Login Test Suite: Test Cases/Tests/Log In/TC-SIN-006 Check for valid username and password via stackexchange]]></system-out>
      <system-err><![CDATA[]]></system-err>
   </testsuite>
</testsuites>
